{"/Users/madnerd/tul/src/LayoutManager.js": {"path":"/Users/madnerd/tul/src/LayoutManager.js","statementMap":{"0":{"start":{"line":14,"column":4},"end":{"line":14,"column":11}},"1":{"start":{"line":15,"column":4},"end":{"line":15,"column":30}},"2":{"start":{"line":16,"column":4},"end":{"line":16,"column":32}},"3":{"start":{"line":17,"column":4},"end":{"line":17,"column":20}},"4":{"start":{"line":18,"column":4},"end":{"line":23,"column":65}},"5":{"start":{"line":26,"column":4},"end":{"line":26,"column":75}},"6":{"start":{"line":29,"column":4},"end":{"line":29,"column":93}},"7":{"start":{"line":31,"column":4},"end":{"line":31,"column":27}},"8":{"start":{"line":33,"column":4},"end":{"line":33,"column":44}},"9":{"start":{"line":36,"column":4},"end":{"line":36,"column":48}},"10":{"start":{"line":38,"column":4},"end":{"line":40,"column":5}},"11":{"start":{"line":39,"column":6},"end":{"line":39,"column":29}},"12":{"start":{"line":43,"column":4},"end":{"line":43,"column":30}},"13":{"start":{"line":44,"column":4},"end":{"line":49,"column":5}},"14":{"start":{"line":45,"column":6},"end":{"line":45,"column":39}},"15":{"start":{"line":46,"column":6},"end":{"line":48,"column":13}},"16":{"start":{"line":47,"column":8},"end":{"line":47,"column":27}},"17":{"start":{"line":50,"column":4},"end":{"line":50,"column":59}},"18":{"start":{"line":53,"column":4},"end":{"line":53,"column":51}},"19":{"start":{"line":54,"column":4},"end":{"line":56,"column":5}},"20":{"start":{"line":55,"column":6},"end":{"line":55,"column":33}},"21":{"start":{"line":57,"column":4},"end":{"line":57,"column":65}},"22":{"start":{"line":61,"column":4},"end":{"line":61,"column":62}},"23":{"start":{"line":62,"column":4},"end":{"line":64,"column":5}},"24":{"start":{"line":63,"column":6},"end":{"line":63,"column":70}},"25":{"start":{"line":65,"column":4},"end":{"line":67,"column":5}},"26":{"start":{"line":66,"column":6},"end":{"line":66,"column":34}},"27":{"start":{"line":68,"column":4},"end":{"line":68,"column":38}},"28":{"start":{"line":68,"column":19},"end":{"line":68,"column":38}},"29":{"start":{"line":69,"column":4},"end":{"line":71,"column":5}},"30":{"start":{"line":70,"column":6},"end":{"line":70,"column":66}},"31":{"start":{"line":72,"column":4},"end":{"line":74,"column":5}},"32":{"start":{"line":73,"column":6},"end":{"line":73,"column":72}},"33":{"start":{"line":75,"column":4},"end":{"line":77,"column":5}},"34":{"start":{"line":76,"column":6},"end":{"line":76,"column":32}},"35":{"start":{"line":78,"column":4},"end":{"line":80,"column":5}},"36":{"start":{"line":79,"column":6},"end":{"line":79,"column":32}},"37":{"start":{"line":84,"column":4},"end":{"line":84,"column":49}},"38":{"start":{"line":88,"column":4},"end":{"line":88,"column":52}},"39":{"start":{"line":92,"column":4},"end":{"line":92,"column":61}},"40":{"start":{"line":92,"column":17},"end":{"line":92,"column":61}},"41":{"start":{"line":95,"column":4},"end":{"line":97,"column":5}},"42":{"start":{"line":96,"column":6},"end":{"line":96,"column":67}},"43":{"start":{"line":99,"column":4},"end":{"line":99,"column":35}},"44":{"start":{"line":100,"column":4},"end":{"line":102,"column":5}},"45":{"start":{"line":101,"column":6},"end":{"line":101,"column":67}},"46":{"start":{"line":103,"column":4},"end":{"line":107,"column":5}},"47":{"start":{"line":104,"column":6},"end":{"line":104,"column":22}},"48":{"start":{"line":105,"column":6},"end":{"line":105,"column":29}},"49":{"start":{"line":106,"column":6},"end":{"line":106,"column":12}},"50":{"start":{"line":110,"column":4},"end":{"line":110,"column":56}},"51":{"start":{"line":111,"column":4},"end":{"line":111,"column":51}},"52":{"start":{"line":112,"column":4},"end":{"line":112,"column":28}},"53":{"start":{"line":116,"column":4},"end":{"line":116,"column":28}},"54":{"start":{"line":116,"column":17},"end":{"line":116,"column":28}},"55":{"start":{"line":119,"column":4},"end":{"line":127,"column":5}},"56":{"start":{"line":120,"column":6},"end":{"line":120,"column":38}},"57":{"start":{"line":121,"column":11},"end":{"line":127,"column":5}},"58":{"start":{"line":122,"column":6},"end":{"line":122,"column":41}},"59":{"start":{"line":123,"column":11},"end":{"line":127,"column":5}},"60":{"start":{"line":124,"column":6},"end":{"line":124,"column":40}},"61":{"start":{"line":125,"column":11},"end":{"line":127,"column":5}},"62":{"start":{"line":126,"column":6},"end":{"line":126,"column":44}},"63":{"start":{"line":130,"column":4},"end":{"line":137,"column":5}},"64":{"start":{"line":131,"column":6},"end":{"line":136,"column":8}},"65":{"start":{"line":132,"column":22},"end":{"line":132,"column":56}},"66":{"start":{"line":133,"column":8},"end":{"line":135,"column":9}},"67":{"start":{"line":134,"column":10},"end":{"line":134,"column":47}},"68":{"start":{"line":139,"column":4},"end":{"line":139,"column":15}},"69":{"start":{"line":143,"column":4},"end":{"line":145,"column":5}},"70":{"start":{"line":144,"column":6},"end":{"line":144,"column":32}},"71":{"start":{"line":146,"column":4},"end":{"line":146,"column":70}},"72":{"start":{"line":150,"column":4},"end":{"line":170,"column":5}},"73":{"start":{"line":151,"column":6},"end":{"line":155,"column":7}},"74":{"start":{"line":152,"column":8},"end":{"line":152,"column":26}},"75":{"start":{"line":154,"column":8},"end":{"line":154,"column":34}},"76":{"start":{"line":156,"column":6},"end":{"line":169,"column":7}},"77":{"start":{"line":157,"column":21},"end":{"line":157,"column":37}},"78":{"start":{"line":158,"column":8},"end":{"line":162,"column":9}},"79":{"start":{"line":159,"column":25},"end":{"line":160,"column":47}},"80":{"start":{"line":160,"column":25},"end":{"line":160,"column":46}},"81":{"start":{"line":161,"column":10},"end":{"line":161,"column":51}},"82":{"start":{"line":161,"column":33},"end":{"line":161,"column":51}},"83":{"start":{"line":163,"column":8},"end":{"line":168,"column":9}},"84":{"start":{"line":164,"column":10},"end":{"line":164,"column":28}},"85":{"start":{"line":165,"column":22},"end":{"line":165,"column":45}},"86":{"start":{"line":166,"column":24},"end":{"line":166,"column":44}},"87":{"start":{"line":167,"column":10},"end":{"line":167,"column":25}},"88":{"start":{"line":171,"column":4},"end":{"line":176,"column":5}},"89":{"start":{"line":172,"column":6},"end":{"line":175,"column":7}},"90":{"start":{"line":173,"column":8},"end":{"line":173,"column":26}},"91":{"start":{"line":174,"column":8},"end":{"line":174,"column":33}},"92":{"start":{"line":184,"column":4},"end":{"line":184,"column":62}},"93":{"start":{"line":184,"column":56},"end":{"line":184,"column":62}},"94":{"start":{"line":185,"column":19},"end":{"line":185,"column":38}},"95":{"start":{"line":187,"column":24},"end":{"line":187,"column":72}},"96":{"start":{"line":188,"column":15},"end":{"line":188,"column":55}},"97":{"start":{"line":189,"column":15},"end":{"line":189,"column":55}},"98":{"start":{"line":191,"column":20},"end":{"line":191,"column":24}},"99":{"start":{"line":192,"column":19},"end":{"line":192,"column":27}},"100":{"start":{"line":194,"column":4},"end":{"line":213,"column":6}},"101":{"start":{"line":195,"column":6},"end":{"line":195,"column":40}},"102":{"start":{"line":195,"column":34},"end":{"line":195,"column":40}},"103":{"start":{"line":196,"column":16},"end":{"line":196,"column":49}},"104":{"start":{"line":197,"column":17},"end":{"line":197,"column":37}},"105":{"start":{"line":198,"column":17},"end":{"line":198,"column":37}},"106":{"start":{"line":200,"column":18},"end":{"line":200,"column":23}},"107":{"start":{"line":201,"column":6},"end":{"line":201,"column":55}},"108":{"start":{"line":201,"column":43},"end":{"line":201,"column":55}},"109":{"start":{"line":202,"column":6},"end":{"line":202,"column":54}},"110":{"start":{"line":202,"column":42},"end":{"line":202,"column":54}},"111":{"start":{"line":203,"column":6},"end":{"line":203,"column":54}},"112":{"start":{"line":203,"column":42},"end":{"line":203,"column":54}},"113":{"start":{"line":204,"column":6},"end":{"line":204,"column":52}},"114":{"start":{"line":204,"column":40},"end":{"line":204,"column":52}},"115":{"start":{"line":206,"column":6},"end":{"line":212,"column":7}},"116":{"start":{"line":207,"column":21},"end":{"line":207,"column":64}},"117":{"start":{"line":208,"column":8},"end":{"line":211,"column":9}},"118":{"start":{"line":209,"column":10},"end":{"line":209,"column":25}},"119":{"start":{"line":210,"column":10},"end":{"line":210,"column":23}},"120":{"start":{"line":215,"column":4},"end":{"line":217,"column":5}},"121":{"start":{"line":216,"column":6},"end":{"line":216,"column":36}},"122":{"start":{"line":221,"column":4},"end":{"line":223,"column":5}},"123":{"start":{"line":222,"column":6},"end":{"line":222,"column":30}},"124":{"start":{"line":224,"column":4},"end":{"line":224,"column":29}},"125":{"start":{"line":228,"column":4},"end":{"line":234,"column":5}},"126":{"start":{"line":239,"column":4},"end":{"line":239,"column":75}},"127":{"start":{"line":239,"column":69},"end":{"line":239,"column":75}},"128":{"start":{"line":240,"column":4},"end":{"line":242,"column":5}},"129":{"start":{"line":241,"column":6},"end":{"line":241,"column":31}},"130":{"start":{"line":244,"column":19},"end":{"line":244,"column":35}},"131":{"start":{"line":245,"column":4},"end":{"line":254,"column":5}},"132":{"start":{"line":248,"column":6},"end":{"line":252,"column":7}},"133":{"start":{"line":249,"column":8},"end":{"line":249,"column":39}},"134":{"start":{"line":250,"column":8},"end":{"line":250,"column":24}},"135":{"start":{"line":251,"column":8},"end":{"line":251,"column":31}},"136":{"start":{"line":253,"column":6},"end":{"line":253,"column":12}},"137":{"start":{"line":257,"column":4},"end":{"line":257,"column":33}},"138":{"start":{"line":260,"column":4},"end":{"line":279,"column":5}},"139":{"start":{"line":261,"column":6},"end":{"line":261,"column":37}},"140":{"start":{"line":262,"column":11},"end":{"line":279,"column":5}},"141":{"start":{"line":264,"column":26},"end":{"line":264,"column":44}},"142":{"start":{"line":265,"column":26},"end":{"line":265,"column":39}},"143":{"start":{"line":267,"column":6},"end":{"line":278,"column":7}},"144":{"start":{"line":268,"column":23},"end":{"line":268,"column":59}},"145":{"start":{"line":269,"column":8},"end":{"line":269,"column":38}},"146":{"start":{"line":270,"column":8},"end":{"line":270,"column":61}},"147":{"start":{"line":273,"column":8},"end":{"line":273,"column":31}},"148":{"start":{"line":274,"column":8},"end":{"line":274,"column":31}},"149":{"start":{"line":275,"column":8},"end":{"line":275,"column":39}},"150":{"start":{"line":276,"column":8},"end":{"line":276,"column":55}},"151":{"start":{"line":277,"column":8},"end":{"line":277,"column":32}},"152":{"start":{"line":283,"column":18},"end":{"line":283,"column":63}},"153":{"start":{"line":284,"column":4},"end":{"line":284,"column":16}},"154":{"start":{"line":288,"column":4},"end":{"line":288,"column":25}},"155":{"start":{"line":288,"column":19},"end":{"line":288,"column":25}},"156":{"start":{"line":289,"column":4},"end":{"line":300,"column":13}},"157":{"start":{"line":304,"column":4},"end":{"line":304,"column":42}},"158":{"start":{"line":304,"column":36},"end":{"line":304,"column":42}},"159":{"start":{"line":306,"column":4},"end":{"line":315,"column":5}},"160":{"start":{"line":307,"column":6},"end":{"line":307,"column":63}},"161":{"start":{"line":308,"column":6},"end":{"line":314,"column":7}},"162":{"start":{"line":309,"column":26},"end":{"line":309,"column":86}},"163":{"start":{"line":310,"column":8},"end":{"line":313,"column":9}},"164":{"start":{"line":311,"column":10},"end":{"line":311,"column":38}},"165":{"start":{"line":312,"column":10},"end":{"line":312,"column":35}},"166":{"start":{"line":317,"column":4},"end":{"line":317,"column":28}},"167":{"start":{"line":319,"column":4},"end":{"line":326,"column":5}},"168":{"start":{"line":320,"column":6},"end":{"line":320,"column":60}},"169":{"start":{"line":321,"column":24},"end":{"line":321,"column":84}},"170":{"start":{"line":322,"column":6},"end":{"line":325,"column":7}},"171":{"start":{"line":323,"column":8},"end":{"line":323,"column":35}},"172":{"start":{"line":324,"column":8},"end":{"line":324,"column":31}},"173":{"start":{"line":332,"column":4},"end":{"line":332,"column":91}},"174":{"start":{"line":332,"column":47},"end":{"line":332,"column":90}},"175":{"start":{"line":336,"column":4},"end":{"line":336,"column":87}},"176":{"start":{"line":336,"column":47},"end":{"line":336,"column":86}},"177":{"start":{"line":340,"column":4},"end":{"line":340,"column":62}},"178":{"start":{"line":340,"column":47},"end":{"line":340,"column":61}},"179":{"start":{"line":344,"column":19},"end":{"line":344,"column":21}},"180":{"start":{"line":345,"column":4},"end":{"line":347,"column":6}},"181":{"start":{"line":346,"column":6},"end":{"line":346,"column":50}},"182":{"start":{"line":346,"column":33},"end":{"line":346,"column":50}},"183":{"start":{"line":348,"column":4},"end":{"line":348,"column":17}},"184":{"start":{"line":352,"column":18},"end":{"line":352,"column":64}},"185":{"start":{"line":353,"column":4},"end":{"line":355,"column":5}},"186":{"start":{"line":354,"column":6},"end":{"line":354,"column":76}},"187":{"start":{"line":356,"column":22},"end":{"line":356,"column":51}},"188":{"start":{"line":357,"column":4},"end":{"line":357,"column":29}},"189":{"start":{"line":358,"column":4},"end":{"line":358,"column":23}},"190":{"start":{"line":359,"column":4},"end":{"line":359,"column":20}},"191":{"start":{"line":363,"column":22},"end":{"line":363,"column":47}},"192":{"start":{"line":364,"column":4},"end":{"line":366,"column":5}},"193":{"start":{"line":365,"column":6},"end":{"line":365,"column":32}},"194":{"start":{"line":367,"column":4},"end":{"line":367,"column":16}},"195":{"start":{"line":371,"column":4},"end":{"line":371,"column":26}},"196":{"start":{"line":371,"column":15},"end":{"line":371,"column":26}},"197":{"start":{"line":372,"column":4},"end":{"line":372,"column":36}},"198":{"start":{"line":372,"column":25},"end":{"line":372,"column":36}},"199":{"start":{"line":373,"column":4},"end":{"line":378,"column":5}},"200":{"start":{"line":374,"column":6},"end":{"line":377,"column":7}},"201":{"start":{"line":375,"column":22},"end":{"line":375,"column":56}},"202":{"start":{"line":376,"column":8},"end":{"line":376,"column":31}},"203":{"start":{"line":376,"column":19},"end":{"line":376,"column":31}},"204":{"start":{"line":379,"column":4},"end":{"line":379,"column":15}},"205":{"start":{"line":383,"column":4},"end":{"line":383,"column":21}},"206":{"start":{"line":383,"column":15},"end":{"line":383,"column":21}},"207":{"start":{"line":384,"column":4},"end":{"line":384,"column":18}},"208":{"start":{"line":385,"column":4},"end":{"line":387,"column":5}},"209":{"start":{"line":386,"column":6},"end":{"line":386,"column":73}},"210":{"start":{"line":386,"column":37},"end":{"line":386,"column":72}},"211":{"start":{"line":399,"column":4},"end":{"line":402,"column":5}},"212":{"start":{"line":400,"column":6},"end":{"line":400,"column":77}},"213":{"start":{"line":401,"column":6},"end":{"line":401,"column":17}},"214":{"start":{"line":403,"column":4},"end":{"line":403,"column":43}},"215":{"start":{"line":410,"column":4},"end":{"line":410,"column":33}},"216":{"start":{"line":418,"column":4},"end":{"line":418,"column":44}},"217":{"start":{"line":426,"column":4},"end":{"line":426,"column":54}}},"fnMap":{"0":{"name":"(anonymous_0)","decl":{"start":{"line":13,"column":2},"end":{"line":13,"column":3}},"loc":{"start":{"line":13,"column":48},"end":{"line":58,"column":3}},"line":13},"1":{"name":"(anonymous_1)","decl":{"start":{"line":44,"column":27},"end":{"line":44,"column":28}},"loc":{"start":{"line":44,"column":33},"end":{"line":49,"column":5}},"line":44},"2":{"name":"(anonymous_2)","decl":{"start":{"line":46,"column":39},"end":{"line":46,"column":40}},"loc":{"start":{"line":46,"column":45},"end":{"line":48,"column":7}},"line":46},"3":{"name":"(anonymous_3)","decl":{"start":{"line":54,"column":22},"end":{"line":54,"column":23}},"loc":{"start":{"line":54,"column":29},"end":{"line":56,"column":5}},"line":54},"4":{"name":"(anonymous_4)","decl":{"start":{"line":60,"column":2},"end":{"line":60,"column":3}},"loc":{"start":{"line":60,"column":13},"end":{"line":81,"column":3}},"line":60},"5":{"name":"(anonymous_5)","decl":{"start":{"line":83,"column":2},"end":{"line":83,"column":3}},"loc":{"start":{"line":83,"column":42},"end":{"line":85,"column":3}},"line":83},"6":{"name":"(anonymous_6)","decl":{"start":{"line":87,"column":2},"end":{"line":87,"column":3}},"loc":{"start":{"line":87,"column":41},"end":{"line":89,"column":3}},"line":87},"7":{"name":"(anonymous_7)","decl":{"start":{"line":91,"column":2},"end":{"line":91,"column":3}},"loc":{"start":{"line":91,"column":22},"end":{"line":113,"column":3}},"line":91},"8":{"name":"(anonymous_8)","decl":{"start":{"line":115,"column":2},"end":{"line":115,"column":3}},"loc":{"start":{"line":115,"column":28},"end":{"line":140,"column":3}},"line":115},"9":{"name":"(anonymous_9)","decl":{"start":{"line":131,"column":29},"end":{"line":131,"column":30}},"loc":{"start":{"line":131,"column":44},"end":{"line":136,"column":7}},"line":131},"10":{"name":"(anonymous_10)","decl":{"start":{"line":142,"column":2},"end":{"line":142,"column":3}},"loc":{"start":{"line":142,"column":45},"end":{"line":147,"column":3}},"line":142},"11":{"name":"(anonymous_11)","decl":{"start":{"line":149,"column":2},"end":{"line":149,"column":3}},"loc":{"start":{"line":149,"column":26},"end":{"line":177,"column":3}},"line":149},"12":{"name":"(anonymous_12)","decl":{"start":{"line":160,"column":20},"end":{"line":160,"column":21}},"loc":{"start":{"line":160,"column":25},"end":{"line":160,"column":46}},"line":160},"13":{"name":"(anonymous_13)","decl":{"start":{"line":179,"column":2},"end":{"line":179,"column":3}},"loc":{"start":{"line":179,"column":19},"end":{"line":181,"column":3}},"line":179},"14":{"name":"(anonymous_14)","decl":{"start":{"line":183,"column":2},"end":{"line":183,"column":3}},"loc":{"start":{"line":183,"column":22},"end":{"line":218,"column":3}},"line":183},"15":{"name":"(anonymous_15)","decl":{"start":{"line":194,"column":19},"end":{"line":194,"column":20}},"loc":{"start":{"line":194,"column":24},"end":{"line":213,"column":5}},"line":194},"16":{"name":"(anonymous_16)","decl":{"start":{"line":220,"column":2},"end":{"line":220,"column":3}},"loc":{"start":{"line":220,"column":18},"end":{"line":225,"column":3}},"line":220},"17":{"name":"(anonymous_17)","decl":{"start":{"line":227,"column":2},"end":{"line":227,"column":3}},"loc":{"start":{"line":227,"column":14},"end":{"line":235,"column":3}},"line":227},"18":{"name":"(anonymous_18)","decl":{"start":{"line":238,"column":2},"end":{"line":238,"column":3}},"loc":{"start":{"line":238,"column":33},"end":{"line":280,"column":3}},"line":238},"19":{"name":"(anonymous_19)","decl":{"start":{"line":282,"column":2},"end":{"line":282,"column":3}},"loc":{"start":{"line":282,"column":37},"end":{"line":285,"column":3}},"line":282},"20":{"name":"(anonymous_20)","decl":{"start":{"line":287,"column":2},"end":{"line":287,"column":3}},"loc":{"start":{"line":287,"column":22},"end":{"line":301,"column":3}},"line":287},"21":{"name":"(anonymous_21)","decl":{"start":{"line":303,"column":2},"end":{"line":303,"column":3}},"loc":{"start":{"line":303,"column":25},"end":{"line":327,"column":3}},"line":303},"22":{"name":"(anonymous_22)","decl":{"start":{"line":331,"column":2},"end":{"line":331,"column":3}},"loc":{"start":{"line":331,"column":24},"end":{"line":333,"column":3}},"line":331},"23":{"name":"(anonymous_23)","decl":{"start":{"line":332,"column":39},"end":{"line":332,"column":40}},"loc":{"start":{"line":332,"column":47},"end":{"line":332,"column":90}},"line":332},"24":{"name":"(anonymous_24)","decl":{"start":{"line":335,"column":2},"end":{"line":335,"column":3}},"loc":{"start":{"line":335,"column":20},"end":{"line":337,"column":3}},"line":335},"25":{"name":"(anonymous_25)","decl":{"start":{"line":336,"column":39},"end":{"line":336,"column":40}},"loc":{"start":{"line":336,"column":47},"end":{"line":336,"column":86}},"line":336},"26":{"name":"(anonymous_26)","decl":{"start":{"line":339,"column":2},"end":{"line":339,"column":3}},"loc":{"start":{"line":339,"column":19},"end":{"line":341,"column":3}},"line":339},"27":{"name":"(anonymous_27)","decl":{"start":{"line":340,"column":39},"end":{"line":340,"column":40}},"loc":{"start":{"line":340,"column":47},"end":{"line":340,"column":61}},"line":340},"28":{"name":"(anonymous_28)","decl":{"start":{"line":343,"column":2},"end":{"line":343,"column":3}},"loc":{"start":{"line":343,"column":18},"end":{"line":349,"column":3}},"line":343},"29":{"name":"(anonymous_29)","decl":{"start":{"line":345,"column":34},"end":{"line":345,"column":35}},"loc":{"start":{"line":345,"column":42},"end":{"line":347,"column":5}},"line":345},"30":{"name":"(anonymous_30)","decl":{"start":{"line":351,"column":2},"end":{"line":351,"column":3}},"loc":{"start":{"line":351,"column":33},"end":{"line":360,"column":3}},"line":351},"31":{"name":"(anonymous_31)","decl":{"start":{"line":362,"column":2},"end":{"line":362,"column":3}},"loc":{"start":{"line":362,"column":23},"end":{"line":368,"column":3}},"line":362},"32":{"name":"(anonymous_32)","decl":{"start":{"line":370,"column":2},"end":{"line":370,"column":3}},"loc":{"start":{"line":370,"column":32},"end":{"line":380,"column":3}},"line":370},"33":{"name":"(anonymous_33)","decl":{"start":{"line":382,"column":2},"end":{"line":382,"column":3}},"loc":{"start":{"line":382,"column":33},"end":{"line":388,"column":3}},"line":382},"34":{"name":"(anonymous_34)","decl":{"start":{"line":386,"column":28},"end":{"line":386,"column":29}},"loc":{"start":{"line":386,"column":37},"end":{"line":386,"column":72}},"line":386},"35":{"name":"(anonymous_35)","decl":{"start":{"line":398,"column":2},"end":{"line":398,"column":3}},"loc":{"start":{"line":398,"column":22},"end":{"line":404,"column":3}},"line":398},"36":{"name":"(anonymous_36)","decl":{"start":{"line":409,"column":2},"end":{"line":409,"column":3}},"loc":{"start":{"line":409,"column":21},"end":{"line":411,"column":3}},"line":409},"37":{"name":"(anonymous_37)","decl":{"start":{"line":417,"column":2},"end":{"line":417,"column":3}},"loc":{"start":{"line":417,"column":25},"end":{"line":419,"column":3}},"line":417},"38":{"name":"(anonymous_38)","decl":{"start":{"line":425,"column":2},"end":{"line":425,"column":3}},"loc":{"start":{"line":425,"column":38},"end":{"line":427,"column":3}},"line":425}},"branchMap":{"0":{"loc":{"start":{"line":13,"column":34},"end":{"line":13,"column":46}},"type":"default-arg","locations":[{"start":{"line":13,"column":44},"end":{"line":13,"column":46}}],"line":13},"1":{"loc":{"start":{"line":23,"column":7},"end":{"line":23,"column":55}},"type":"cond-expr","locations":[{"start":{"line":23,"column":35},"end":{"line":23,"column":50}},{"start":{"line":23,"column":53},"end":{"line":23,"column":55}}],"line":23},"2":{"loc":{"start":{"line":23,"column":7},"end":{"line":23,"column":32}},"type":"binary-expr","locations":[{"start":{"line":23,"column":7},"end":{"line":23,"column":13}},{"start":{"line":23,"column":17},"end":{"line":23,"column":32}}],"line":23},"3":{"loc":{"start":{"line":38,"column":4},"end":{"line":40,"column":5}},"type":"if","locations":[{"start":{"line":38,"column":4},"end":{"line":40,"column":5}},{"start":{},"end":{}}],"line":38},"4":{"loc":{"start":{"line":62,"column":4},"end":{"line":64,"column":5}},"type":"if","locations":[{"start":{"line":62,"column":4},"end":{"line":64,"column":5}},{"start":{},"end":{}}],"line":62},"5":{"loc":{"start":{"line":65,"column":4},"end":{"line":67,"column":5}},"type":"if","locations":[{"start":{"line":65,"column":4},"end":{"line":67,"column":5}},{"start":{},"end":{}}],"line":65},"6":{"loc":{"start":{"line":68,"column":4},"end":{"line":68,"column":38}},"type":"if","locations":[{"start":{"line":68,"column":4},"end":{"line":68,"column":38}},{"start":{},"end":{}}],"line":68},"7":{"loc":{"start":{"line":69,"column":4},"end":{"line":71,"column":5}},"type":"if","locations":[{"start":{"line":69,"column":4},"end":{"line":71,"column":5}},{"start":{},"end":{}}],"line":69},"8":{"loc":{"start":{"line":69,"column":8},"end":{"line":69,"column":58}},"type":"binary-expr","locations":[{"start":{"line":69,"column":8},"end":{"line":69,"column":24}},{"start":{"line":69,"column":28},"end":{"line":69,"column":58}}],"line":69},"9":{"loc":{"start":{"line":72,"column":4},"end":{"line":74,"column":5}},"type":"if","locations":[{"start":{"line":72,"column":4},"end":{"line":74,"column":5}},{"start":{},"end":{}}],"line":72},"10":{"loc":{"start":{"line":72,"column":8},"end":{"line":72,"column":64}},"type":"binary-expr","locations":[{"start":{"line":72,"column":8},"end":{"line":72,"column":27}},{"start":{"line":72,"column":31},"end":{"line":72,"column":64}}],"line":72},"11":{"loc":{"start":{"line":75,"column":4},"end":{"line":77,"column":5}},"type":"if","locations":[{"start":{"line":75,"column":4},"end":{"line":77,"column":5}},{"start":{},"end":{}}],"line":75},"12":{"loc":{"start":{"line":78,"column":4},"end":{"line":80,"column":5}},"type":"if","locations":[{"start":{"line":78,"column":4},"end":{"line":80,"column":5}},{"start":{},"end":{}}],"line":78},"13":{"loc":{"start":{"line":92,"column":4},"end":{"line":92,"column":61}},"type":"if","locations":[{"start":{"line":92,"column":4},"end":{"line":92,"column":61}},{"start":{},"end":{}}],"line":92},"14":{"loc":{"start":{"line":95,"column":4},"end":{"line":97,"column":5}},"type":"if","locations":[{"start":{"line":95,"column":4},"end":{"line":97,"column":5}},{"start":{},"end":{}}],"line":95},"15":{"loc":{"start":{"line":95,"column":8},"end":{"line":95,"column":56}},"type":"binary-expr","locations":[{"start":{"line":95,"column":8},"end":{"line":95,"column":22}},{"start":{"line":95,"column":26},"end":{"line":95,"column":56}}],"line":95},"16":{"loc":{"start":{"line":100,"column":4},"end":{"line":102,"column":5}},"type":"if","locations":[{"start":{"line":100,"column":4},"end":{"line":102,"column":5}},{"start":{},"end":{}}],"line":100},"17":{"loc":{"start":{"line":103,"column":4},"end":{"line":107,"column":5}},"type":"if","locations":[{"start":{"line":103,"column":4},"end":{"line":107,"column":5}},{"start":{},"end":{}}],"line":103},"18":{"loc":{"start":{"line":103,"column":8},"end":{"line":103,"column":88}},"type":"binary-expr","locations":[{"start":{"line":103,"column":8},"end":{"line":103,"column":23}},{"start":{"line":103,"column":27},"end":{"line":103,"column":57}},{"start":{"line":103,"column":61},"end":{"line":103,"column":88}}],"line":103},"19":{"loc":{"start":{"line":116,"column":4},"end":{"line":116,"column":28}},"type":"if","locations":[{"start":{"line":116,"column":4},"end":{"line":116,"column":28}},{"start":{},"end":{}}],"line":116},"20":{"loc":{"start":{"line":119,"column":4},"end":{"line":127,"column":5}},"type":"if","locations":[{"start":{"line":119,"column":4},"end":{"line":127,"column":5}},{"start":{"line":121,"column":11},"end":{"line":127,"column":5}}],"line":119},"21":{"loc":{"start":{"line":121,"column":11},"end":{"line":127,"column":5}},"type":"if","locations":[{"start":{"line":121,"column":11},"end":{"line":127,"column":5}},{"start":{"line":123,"column":11},"end":{"line":127,"column":5}}],"line":121},"22":{"loc":{"start":{"line":123,"column":11},"end":{"line":127,"column":5}},"type":"if","locations":[{"start":{"line":123,"column":11},"end":{"line":127,"column":5}},{"start":{"line":125,"column":11},"end":{"line":127,"column":5}}],"line":123},"23":{"loc":{"start":{"line":125,"column":11},"end":{"line":127,"column":5}},"type":"if","locations":[{"start":{"line":125,"column":11},"end":{"line":127,"column":5}},{"start":{},"end":{}}],"line":125},"24":{"loc":{"start":{"line":130,"column":4},"end":{"line":137,"column":5}},"type":"if","locations":[{"start":{"line":130,"column":4},"end":{"line":137,"column":5}},{"start":{},"end":{}}],"line":130},"25":{"loc":{"start":{"line":130,"column":8},"end":{"line":130,"column":63}},"type":"binary-expr","locations":[{"start":{"line":130,"column":8},"end":{"line":130,"column":12}},{"start":{"line":130,"column":16},"end":{"line":130,"column":30}},{"start":{"line":130,"column":34},"end":{"line":130,"column":63}}],"line":130},"26":{"loc":{"start":{"line":133,"column":8},"end":{"line":135,"column":9}},"type":"if","locations":[{"start":{"line":133,"column":8},"end":{"line":135,"column":9}},{"start":{},"end":{}}],"line":133},"27":{"loc":{"start":{"line":143,"column":4},"end":{"line":145,"column":5}},"type":"if","locations":[{"start":{"line":143,"column":4},"end":{"line":145,"column":5}},{"start":{},"end":{}}],"line":143},"28":{"loc":{"start":{"line":150,"column":4},"end":{"line":170,"column":5}},"type":"if","locations":[{"start":{"line":150,"column":4},"end":{"line":170,"column":5}},{"start":{},"end":{}}],"line":150},"29":{"loc":{"start":{"line":150,"column":8},"end":{"line":150,"column":30}},"type":"binary-expr","locations":[{"start":{"line":150,"column":8},"end":{"line":150,"column":17}},{"start":{"line":150,"column":21},"end":{"line":150,"column":30}}],"line":150},"30":{"loc":{"start":{"line":151,"column":6},"end":{"line":155,"column":7}},"type":"if","locations":[{"start":{"line":151,"column":6},"end":{"line":155,"column":7}},{"start":{},"end":{}}],"line":151},"31":{"loc":{"start":{"line":156,"column":6},"end":{"line":169,"column":7}},"type":"if","locations":[{"start":{"line":156,"column":6},"end":{"line":169,"column":7}},{"start":{},"end":{}}],"line":156},"32":{"loc":{"start":{"line":158,"column":8},"end":{"line":162,"column":9}},"type":"if","locations":[{"start":{"line":158,"column":8},"end":{"line":162,"column":9}},{"start":{},"end":{}}],"line":158},"33":{"loc":{"start":{"line":161,"column":10},"end":{"line":161,"column":51}},"type":"if","locations":[{"start":{"line":161,"column":10},"end":{"line":161,"column":51}},{"start":{},"end":{}}],"line":161},"34":{"loc":{"start":{"line":163,"column":8},"end":{"line":168,"column":9}},"type":"if","locations":[{"start":{"line":163,"column":8},"end":{"line":168,"column":9}},{"start":{},"end":{}}],"line":163},"35":{"loc":{"start":{"line":163,"column":12},"end":{"line":163,"column":48}},"type":"binary-expr","locations":[{"start":{"line":163,"column":12},"end":{"line":163,"column":18}},{"start":{"line":163,"column":22},"end":{"line":163,"column":48}}],"line":163},"36":{"loc":{"start":{"line":171,"column":4},"end":{"line":176,"column":5}},"type":"if","locations":[{"start":{"line":171,"column":4},"end":{"line":176,"column":5}},{"start":{},"end":{}}],"line":171},"37":{"loc":{"start":{"line":172,"column":6},"end":{"line":175,"column":7}},"type":"if","locations":[{"start":{"line":172,"column":6},"end":{"line":175,"column":7}},{"start":{},"end":{}}],"line":172},"38":{"loc":{"start":{"line":184,"column":4},"end":{"line":184,"column":62}},"type":"if","locations":[{"start":{"line":184,"column":4},"end":{"line":184,"column":62}},{"start":{},"end":{}}],"line":184},"39":{"loc":{"start":{"line":184,"column":8},"end":{"line":184,"column":54}},"type":"binary-expr","locations":[{"start":{"line":184,"column":8},"end":{"line":184,"column":25}},{"start":{"line":184,"column":29},"end":{"line":184,"column":54}}],"line":184},"40":{"loc":{"start":{"line":195,"column":6},"end":{"line":195,"column":40}},"type":"if","locations":[{"start":{"line":195,"column":6},"end":{"line":195,"column":40}},{"start":{},"end":{}}],"line":195},"41":{"loc":{"start":{"line":201,"column":6},"end":{"line":201,"column":55}},"type":"if","locations":[{"start":{"line":201,"column":6},"end":{"line":201,"column":55}},{"start":{},"end":{}}],"line":201},"42":{"loc":{"start":{"line":201,"column":10},"end":{"line":201,"column":41}},"type":"binary-expr","locations":[{"start":{"line":201,"column":10},"end":{"line":201,"column":30}},{"start":{"line":201,"column":34},"end":{"line":201,"column":41}}],"line":201},"43":{"loc":{"start":{"line":202,"column":6},"end":{"line":202,"column":54}},"type":"if","locations":[{"start":{"line":202,"column":6},"end":{"line":202,"column":54}},{"start":{},"end":{}}],"line":202},"44":{"loc":{"start":{"line":202,"column":10},"end":{"line":202,"column":40}},"type":"binary-expr","locations":[{"start":{"line":202,"column":10},"end":{"line":202,"column":29}},{"start":{"line":202,"column":33},"end":{"line":202,"column":40}}],"line":202},"45":{"loc":{"start":{"line":203,"column":6},"end":{"line":203,"column":54}},"type":"if","locations":[{"start":{"line":203,"column":6},"end":{"line":203,"column":54}},{"start":{},"end":{}}],"line":203},"46":{"loc":{"start":{"line":203,"column":10},"end":{"line":203,"column":40}},"type":"binary-expr","locations":[{"start":{"line":203,"column":10},"end":{"line":203,"column":29}},{"start":{"line":203,"column":33},"end":{"line":203,"column":40}}],"line":203},"47":{"loc":{"start":{"line":204,"column":6},"end":{"line":204,"column":52}},"type":"if","locations":[{"start":{"line":204,"column":6},"end":{"line":204,"column":52}},{"start":{},"end":{}}],"line":204},"48":{"loc":{"start":{"line":204,"column":10},"end":{"line":204,"column":38}},"type":"binary-expr","locations":[{"start":{"line":204,"column":10},"end":{"line":204,"column":27}},{"start":{"line":204,"column":31},"end":{"line":204,"column":38}}],"line":204},"49":{"loc":{"start":{"line":206,"column":6},"end":{"line":212,"column":7}},"type":"if","locations":[{"start":{"line":206,"column":6},"end":{"line":212,"column":7}},{"start":{},"end":{}}],"line":206},"50":{"loc":{"start":{"line":208,"column":8},"end":{"line":211,"column":9}},"type":"if","locations":[{"start":{"line":208,"column":8},"end":{"line":211,"column":9}},{"start":{},"end":{}}],"line":208},"51":{"loc":{"start":{"line":215,"column":4},"end":{"line":217,"column":5}},"type":"if","locations":[{"start":{"line":215,"column":4},"end":{"line":217,"column":5}},{"start":{},"end":{}}],"line":215},"52":{"loc":{"start":{"line":221,"column":4},"end":{"line":223,"column":5}},"type":"if","locations":[{"start":{"line":221,"column":4},"end":{"line":223,"column":5}},{"start":{},"end":{}}],"line":221},"53":{"loc":{"start":{"line":233,"column":15},"end":{"line":233,"column":54}},"type":"cond-expr","locations":[{"start":{"line":233,"column":27},"end":{"line":233,"column":49}},{"start":{"line":233,"column":52},"end":{"line":233,"column":54}}],"line":233},"54":{"loc":{"start":{"line":239,"column":4},"end":{"line":239,"column":75}},"type":"if","locations":[{"start":{"line":239,"column":4},"end":{"line":239,"column":75}},{"start":{},"end":{}}],"line":239},"55":{"loc":{"start":{"line":239,"column":8},"end":{"line":239,"column":67}},"type":"binary-expr","locations":[{"start":{"line":239,"column":8},"end":{"line":239,"column":34}},{"start":{"line":239,"column":38},"end":{"line":239,"column":67}}],"line":239},"56":{"loc":{"start":{"line":240,"column":4},"end":{"line":242,"column":5}},"type":"if","locations":[{"start":{"line":240,"column":4},"end":{"line":242,"column":5}},{"start":{},"end":{}}],"line":240},"57":{"loc":{"start":{"line":245,"column":4},"end":{"line":254,"column":5}},"type":"if","locations":[{"start":{"line":245,"column":4},"end":{"line":254,"column":5}},{"start":{},"end":{}}],"line":245},"58":{"loc":{"start":{"line":248,"column":6},"end":{"line":252,"column":7}},"type":"if","locations":[{"start":{"line":248,"column":6},"end":{"line":252,"column":7}},{"start":{},"end":{}}],"line":248},"59":{"loc":{"start":{"line":248,"column":10},"end":{"line":248,"column":68}},"type":"binary-expr","locations":[{"start":{"line":248,"column":10},"end":{"line":248,"column":33}},{"start":{"line":248,"column":37},"end":{"line":248,"column":68}}],"line":248},"60":{"loc":{"start":{"line":260,"column":4},"end":{"line":279,"column":5}},"type":"if","locations":[{"start":{"line":260,"column":4},"end":{"line":279,"column":5}},{"start":{"line":262,"column":11},"end":{"line":279,"column":5}}],"line":260},"61":{"loc":{"start":{"line":262,"column":11},"end":{"line":279,"column":5}},"type":"if","locations":[{"start":{"line":262,"column":11},"end":{"line":279,"column":5}},{"start":{},"end":{}}],"line":262},"62":{"loc":{"start":{"line":262,"column":15},"end":{"line":262,"column":67}},"type":"binary-expr","locations":[{"start":{"line":262,"column":15},"end":{"line":262,"column":43}},{"start":{"line":262,"column":47},"end":{"line":262,"column":67}}],"line":262},"63":{"loc":{"start":{"line":267,"column":6},"end":{"line":278,"column":7}},"type":"if","locations":[{"start":{"line":267,"column":6},"end":{"line":278,"column":7}},{"start":{"line":271,"column":13},"end":{"line":278,"column":7}}],"line":267},"64":{"loc":{"start":{"line":282,"column":22},"end":{"line":282,"column":35}},"type":"default-arg","locations":[{"start":{"line":282,"column":29},"end":{"line":282,"column":35}}],"line":282},"65":{"loc":{"start":{"line":288,"column":4},"end":{"line":288,"column":25}},"type":"if","locations":[{"start":{"line":288,"column":4},"end":{"line":288,"column":25}},{"start":{},"end":{}}],"line":288},"66":{"loc":{"start":{"line":304,"column":4},"end":{"line":304,"column":42}},"type":"if","locations":[{"start":{"line":304,"column":4},"end":{"line":304,"column":42}},{"start":{},"end":{}}],"line":304},"67":{"loc":{"start":{"line":306,"column":4},"end":{"line":315,"column":5}},"type":"if","locations":[{"start":{"line":306,"column":4},"end":{"line":315,"column":5}},{"start":{},"end":{}}],"line":306},"68":{"loc":{"start":{"line":306,"column":8},"end":{"line":306,"column":52}},"type":"binary-expr","locations":[{"start":{"line":306,"column":8},"end":{"line":306,"column":24}},{"start":{"line":306,"column":28},"end":{"line":306,"column":52}}],"line":306},"69":{"loc":{"start":{"line":308,"column":6},"end":{"line":314,"column":7}},"type":"if","locations":[{"start":{"line":308,"column":6},"end":{"line":314,"column":7}},{"start":{},"end":{}}],"line":308},"70":{"loc":{"start":{"line":310,"column":8},"end":{"line":313,"column":9}},"type":"if","locations":[{"start":{"line":310,"column":8},"end":{"line":313,"column":9}},{"start":{},"end":{}}],"line":310},"71":{"loc":{"start":{"line":310,"column":12},"end":{"line":310,"column":45}},"type":"binary-expr","locations":[{"start":{"line":310,"column":12},"end":{"line":310,"column":21}},{"start":{"line":310,"column":25},"end":{"line":310,"column":45}}],"line":310},"72":{"loc":{"start":{"line":319,"column":4},"end":{"line":326,"column":5}},"type":"if","locations":[{"start":{"line":319,"column":4},"end":{"line":326,"column":5}},{"start":{},"end":{}}],"line":319},"73":{"loc":{"start":{"line":319,"column":8},"end":{"line":319,"column":81}},"type":"binary-expr","locations":[{"start":{"line":319,"column":8},"end":{"line":319,"column":24}},{"start":{"line":319,"column":28},"end":{"line":319,"column":52}},{"start":{"line":319,"column":56},"end":{"line":319,"column":81}}],"line":319},"74":{"loc":{"start":{"line":322,"column":6},"end":{"line":325,"column":7}},"type":"if","locations":[{"start":{"line":322,"column":6},"end":{"line":325,"column":7}},{"start":{},"end":{}}],"line":322},"75":{"loc":{"start":{"line":322,"column":10},"end":{"line":322,"column":67}},"type":"binary-expr","locations":[{"start":{"line":322,"column":10},"end":{"line":322,"column":19}},{"start":{"line":322,"column":23},"end":{"line":322,"column":42}},{"start":{"line":322,"column":46},"end":{"line":322,"column":67}}],"line":322},"76":{"loc":{"start":{"line":332,"column":47},"end":{"line":332,"column":90}},"type":"binary-expr","locations":[{"start":{"line":332,"column":47},"end":{"line":332,"column":72}},{"start":{"line":332,"column":76},"end":{"line":332,"column":90}}],"line":332},"77":{"loc":{"start":{"line":336,"column":47},"end":{"line":336,"column":86}},"type":"binary-expr","locations":[{"start":{"line":336,"column":47},"end":{"line":336,"column":68}},{"start":{"line":336,"column":72},"end":{"line":336,"column":86}}],"line":336},"78":{"loc":{"start":{"line":346,"column":6},"end":{"line":346,"column":50}},"type":"if","locations":[{"start":{"line":346,"column":6},"end":{"line":346,"column":50}},{"start":{},"end":{}}],"line":346},"79":{"loc":{"start":{"line":352,"column":18},"end":{"line":352,"column":64}},"type":"binary-expr","locations":[{"start":{"line":352,"column":18},"end":{"line":352,"column":44}},{"start":{"line":352,"column":48},"end":{"line":352,"column":64}}],"line":352},"80":{"loc":{"start":{"line":353,"column":4},"end":{"line":355,"column":5}},"type":"if","locations":[{"start":{"line":353,"column":4},"end":{"line":355,"column":5}},{"start":{},"end":{}}],"line":353},"81":{"loc":{"start":{"line":364,"column":4},"end":{"line":366,"column":5}},"type":"if","locations":[{"start":{"line":364,"column":4},"end":{"line":366,"column":5}},{"start":{},"end":{}}],"line":364},"82":{"loc":{"start":{"line":371,"column":4},"end":{"line":371,"column":26}},"type":"if","locations":[{"start":{"line":371,"column":4},"end":{"line":371,"column":26}},{"start":{},"end":{}}],"line":371},"83":{"loc":{"start":{"line":372,"column":4},"end":{"line":372,"column":36}},"type":"if","locations":[{"start":{"line":372,"column":4},"end":{"line":372,"column":36}},{"start":{},"end":{}}],"line":372},"84":{"loc":{"start":{"line":373,"column":4},"end":{"line":378,"column":5}},"type":"if","locations":[{"start":{"line":373,"column":4},"end":{"line":378,"column":5}},{"start":{},"end":{}}],"line":373},"85":{"loc":{"start":{"line":376,"column":8},"end":{"line":376,"column":31}},"type":"if","locations":[{"start":{"line":376,"column":8},"end":{"line":376,"column":31}},{"start":{},"end":{}}],"line":376},"86":{"loc":{"start":{"line":383,"column":4},"end":{"line":383,"column":21}},"type":"if","locations":[{"start":{"line":383,"column":4},"end":{"line":383,"column":21}},{"start":{},"end":{}}],"line":383},"87":{"loc":{"start":{"line":385,"column":4},"end":{"line":387,"column":5}},"type":"if","locations":[{"start":{"line":385,"column":4},"end":{"line":387,"column":5}},{"start":{},"end":{}}],"line":385},"88":{"loc":{"start":{"line":399,"column":4},"end":{"line":402,"column":5}},"type":"if","locations":[{"start":{"line":399,"column":4},"end":{"line":402,"column":5}},{"start":{},"end":{}}],"line":399}},"s":{"0":8,"1":8,"2":8,"3":8,"4":8,"5":8,"6":8,"7":8,"8":8,"9":8,"10":8,"11":0,"12":8,"13":8,"14":0,"15":0,"16":0,"17":8,"18":8,"19":8,"20":1,"21":8,"22":8,"23":8,"24":8,"25":8,"26":8,"27":8,"28":5,"29":8,"30":8,"31":8,"32":8,"33":8,"34":8,"35":8,"36":0,"37":0,"38":0,"39":6,"40":0,"41":6,"42":0,"43":6,"44":6,"45":0,"46":6,"47":0,"48":0,"49":0,"50":6,"51":6,"52":6,"53":19,"54":0,"55":19,"56":2,"57":17,"58":0,"59":17,"60":8,"61":9,"62":9,"63":10,"64":10,"65":13,"66":13,"67":13,"68":10,"69":0,"70":0,"71":0,"72":1,"73":0,"74":0,"75":0,"76":0,"77":0,"78":0,"79":0,"80":0,"81":0,"82":0,"83":0,"84":0,"85":0,"86":0,"87":0,"88":1,"89":0,"90":0,"91":0,"92":0,"93":0,"94":0,"95":0,"96":0,"97":0,"98":0,"99":0,"100":0,"101":0,"102":0,"103":0,"104":0,"105":0,"106":0,"107":0,"108":0,"109":0,"110":0,"111":0,"112":0,"113":0,"114":0,"115":0,"116":0,"117":0,"118":0,"119":0,"120":0,"121":0,"122":0,"123":0,"124":0,"125":0,"126":1,"127":0,"128":1,"129":0,"130":1,"131":1,"132":1,"133":1,"134":1,"135":1,"136":1,"137":0,"138":0,"139":0,"140":0,"141":0,"142":0,"143":0,"144":0,"145":0,"146":0,"147":0,"148":0,"149":0,"150":0,"151":0,"152":0,"153":0,"154":1,"155":0,"156":1,"157":0,"158":0,"159":0,"160":0,"161":0,"162":0,"163":0,"164":0,"165":0,"166":0,"167":0,"168":0,"169":0,"170":0,"171":0,"172":0,"173":0,"174":0,"175":9,"176":16,"177":8,"178":14,"179":0,"180":0,"181":0,"182":0,"183":0,"184":0,"185":0,"186":0,"187":0,"188":0,"189":0,"190":0,"191":0,"192":0,"193":0,"194":0,"195":31,"196":1,"197":30,"198":15,"199":15,"200":15,"201":14,"202":14,"203":9,"204":6,"205":0,"206":0,"207":0,"208":0,"209":0,"210":0,"211":0,"212":0,"213":0,"214":0,"215":0,"216":0,"217":0},"f":{"0":8,"1":0,"2":0,"3":1,"4":8,"5":0,"6":0,"7":6,"8":19,"9":13,"10":0,"11":1,"12":0,"13":0,"14":0,"15":0,"16":0,"17":0,"18":1,"19":0,"20":1,"21":0,"22":0,"23":0,"24":9,"25":16,"26":8,"27":14,"28":0,"29":0,"30":0,"31":0,"32":31,"33":0,"34":0,"35":0,"36":0,"37":0,"38":0},"b":{"0":[4],"1":[0,8],"2":[8,0],"3":[0,8],"4":[8,0],"5":[8,0],"6":[5,3],"7":[8,0],"8":[8,8],"9":[8,0],"10":[8,8],"11":[8,0],"12":[0,8],"13":[0,6],"14":[0,6],"15":[6,6],"16":[0,6],"17":[0,6],"18":[6,6,6],"19":[0,19],"20":[2,17],"21":[0,17],"22":[8,9],"23":[9,0],"24":[10,0],"25":[10,10,10],"26":[13,0],"27":[0,0],"28":[0,1],"29":[1,1],"30":[0,0],"31":[0,0],"32":[0,0],"33":[0,0],"34":[0,0],"35":[0,0],"36":[0,1],"37":[0,0],"38":[0,0],"39":[0,0],"40":[0,0],"41":[0,0],"42":[0,0],"43":[0,0],"44":[0,0],"45":[0,0],"46":[0,0],"47":[0,0],"48":[0,0],"49":[0,0],"50":[0,0],"51":[0,0],"52":[0,0],"53":[0,0],"54":[0,1],"55":[1,1],"56":[0,1],"57":[1,0],"58":[1,0],"59":[1,1],"60":[0,0],"61":[0,0],"62":[0,0],"63":[0,0],"64":[0],"65":[0,1],"66":[0,0],"67":[0,0],"68":[0,0],"69":[0,0],"70":[0,0],"71":[0,0],"72":[0,0],"73":[0,0,0],"74":[0,0],"75":[0,0,0],"76":[0,0],"77":[16,10],"78":[0,0],"79":[0,0],"80":[0,0],"81":[0,0],"82":[1,30],"83":[15,15],"84":[15,0],"85":[9,5],"86":[0,0],"87":[0,0],"88":[0,0]},"_coverageSchema":"1a1c01bbd47fc00a2c39e90264f33305004495a9","hash":"ed27c59a369adf05baacd33f05efc8d32593c2f5"}
,"/Users/madnerd/tul/src/core/ComponentItem.js": {"path":"/Users/madnerd/tul/src/core/ComponentItem.js","statementMap":{"0":{"start":{"line":5,"column":4},"end":{"line":5,"column":32}},"1":{"start":{"line":6,"column":4},"end":{"line":6,"column":27}},"2":{"start":{"line":7,"column":4},"end":{"line":7,"column":49}},"3":{"start":{"line":11,"column":4},"end":{"line":11,"column":48}},"4":{"start":{"line":12,"column":4},"end":{"line":12,"column":47}},"5":{"start":{"line":13,"column":4},"end":{"line":13,"column":74}},"6":{"start":{"line":14,"column":4},"end":{"line":14,"column":79}},"7":{"start":{"line":14,"column":27},"end":{"line":14,"column":79}},"8":{"start":{"line":15,"column":4},"end":{"line":15,"column":53}},"9":{"start":{"line":19,"column":4},"end":{"line":19,"column":33}},"10":{"start":{"line":19,"column":27},"end":{"line":19,"column":33}},"11":{"start":{"line":20,"column":4},"end":{"line":20,"column":28}},"12":{"start":{"line":22,"column":20},"end":{"line":22,"column":84}},"13":{"start":{"line":24,"column":4},"end":{"line":52,"column":5}},"14":{"start":{"line":25,"column":6},"end":{"line":25,"column":33}},"15":{"start":{"line":26,"column":6},"end":{"line":51,"column":7}},"16":{"start":{"line":28,"column":24},"end":{"line":31,"column":25}},"17":{"start":{"line":30,"column":22},"end":{"line":30,"column":104}},"18":{"start":{"line":30,"column":28},"end":{"line":30,"column":67}},"19":{"start":{"line":30,"column":68},"end":{"line":30,"column":79}},"20":{"start":{"line":30,"column":90},"end":{"line":30,"column":102}},"21":{"start":{"line":34,"column":8},"end":{"line":42,"column":9}},"22":{"start":{"line":35,"column":26},"end":{"line":35,"column":33}},"23":{"start":{"line":36,"column":27},"end":{"line":36,"column":72}},"24":{"start":{"line":37,"column":10},"end":{"line":37,"column":34}},"25":{"start":{"line":39,"column":10},"end":{"line":39,"column":114}},"26":{"start":{"line":41,"column":10},"end":{"line":41,"column":65}},"27":{"start":{"line":44,"column":8},"end":{"line":46,"column":9}},"28":{"start":{"line":45,"column":10},"end":{"line":45,"column":47}},"29":{"start":{"line":47,"column":8},"end":{"line":47,"column":25}},"30":{"start":{"line":49,"column":8},"end":{"line":49,"column":120}},"31":{"start":{"line":50,"column":8},"end":{"line":50,"column":53}},"32":{"start":{"line":56,"column":4},"end":{"line":56,"column":85}},"33":{"start":{"line":57,"column":4},"end":{"line":57,"column":43}},"34":{"start":{"line":61,"column":4},"end":{"line":61,"column":37}},"35":{"start":{"line":65,"column":16},"end":{"line":65,"column":32}},"36":{"start":{"line":66,"column":4},"end":{"line":66,"column":33}},"37":{"start":{"line":67,"column":4},"end":{"line":67,"column":49}},"38":{"start":{"line":68,"column":4},"end":{"line":68,"column":51}},"39":{"start":{"line":69,"column":4},"end":{"line":69,"column":62}},"40":{"start":{"line":69,"column":41},"end":{"line":69,"column":62}},"41":{"start":{"line":70,"column":4},"end":{"line":70,"column":14}},"42":{"start":{"line":74,"column":4},"end":{"line":76,"column":5}},"43":{"start":{"line":75,"column":6},"end":{"line":75,"column":29}},"44":{"start":{"line":77,"column":4},"end":{"line":77,"column":24}},"45":{"start":{"line":78,"column":4},"end":{"line":78,"column":19}}},"fnMap":{"0":{"name":"(anonymous_0)","decl":{"start":{"line":4,"column":2},"end":{"line":4,"column":3}},"loc":{"start":{"line":4,"column":38},"end":{"line":8,"column":3}},"line":4},"1":{"name":"(anonymous_1)","decl":{"start":{"line":10,"column":2},"end":{"line":10,"column":3}},"loc":{"start":{"line":10,"column":15},"end":{"line":16,"column":3}},"line":10},"2":{"name":"(anonymous_2)","decl":{"start":{"line":18,"column":2},"end":{"line":18,"column":3}},"loc":{"start":{"line":18,"column":22},"end":{"line":53,"column":3}},"line":18},"3":{"name":"(anonymous_3)","decl":{"start":{"line":29,"column":41},"end":{"line":29,"column":42}},"loc":{"start":{"line":29,"column":47},"end":{"line":31,"column":21}},"line":29},"4":{"name":"(anonymous_4)","decl":{"start":{"line":55,"column":2},"end":{"line":55,"column":3}},"loc":{"start":{"line":55,"column":19},"end":{"line":58,"column":3}},"line":55},"5":{"name":"(anonymous_5)","decl":{"start":{"line":60,"column":2},"end":{"line":60,"column":3}},"loc":{"start":{"line":60,"column":14},"end":{"line":62,"column":3}},"line":60},"6":{"name":"(anonymous_6)","decl":{"start":{"line":64,"column":2},"end":{"line":64,"column":3}},"loc":{"start":{"line":64,"column":14},"end":{"line":71,"column":3}},"line":64},"7":{"name":"(anonymous_7)","decl":{"start":{"line":73,"column":2},"end":{"line":73,"column":3}},"loc":{"start":{"line":73,"column":13},"end":{"line":79,"column":3}},"line":73}},"branchMap":{"0":{"loc":{"start":{"line":14,"column":4},"end":{"line":14,"column":79}},"type":"if","locations":[{"start":{"line":14,"column":4},"end":{"line":14,"column":79}},{"start":{},"end":{}}],"line":14},"1":{"loc":{"start":{"line":19,"column":4},"end":{"line":19,"column":33}},"type":"if","locations":[{"start":{"line":19,"column":4},"end":{"line":19,"column":33}},{"start":{},"end":{}}],"line":19},"2":{"loc":{"start":{"line":24,"column":4},"end":{"line":52,"column":5}},"type":"if","locations":[{"start":{"line":24,"column":4},"end":{"line":52,"column":5}},{"start":{},"end":{}}],"line":24},"3":{"loc":{"start":{"line":28,"column":24},"end":{"line":31,"column":25}},"type":"binary-expr","locations":[{"start":{"line":28,"column":24},"end":{"line":28,"column":53}},{"start":{"line":29,"column":21},"end":{"line":29,"column":36}},{"start":{"line":29,"column":40},"end":{"line":31,"column":24}}],"line":28},"4":{"loc":{"start":{"line":34,"column":8},"end":{"line":42,"column":9}},"type":"if","locations":[{"start":{"line":34,"column":8},"end":{"line":42,"column":9}},{"start":{"line":40,"column":15},"end":{"line":42,"column":9}}],"line":34},"5":{"loc":{"start":{"line":39,"column":24},"end":{"line":39,"column":114}},"type":"binary-expr","locations":[{"start":{"line":39,"column":24},"end":{"line":39,"column":40}},{"start":{"line":39,"column":45},"end":{"line":39,"column":113}}],"line":39},"6":{"loc":{"start":{"line":39,"column":45},"end":{"line":39,"column":113}},"type":"cond-expr","locations":[{"start":{"line":39,"column":85},"end":{"line":39,"column":102}},{"start":{"line":39,"column":105},"end":{"line":39,"column":113}}],"line":39},"7":{"loc":{"start":{"line":44,"column":8},"end":{"line":46,"column":9}},"type":"if","locations":[{"start":{"line":44,"column":8},"end":{"line":46,"column":9}},{"start":{},"end":{}}],"line":44},"8":{"loc":{"start":{"line":69,"column":4},"end":{"line":69,"column":62}},"type":"if","locations":[{"start":{"line":69,"column":4},"end":{"line":69,"column":62}},{"start":{},"end":{}}],"line":69},"9":{"loc":{"start":{"line":74,"column":4},"end":{"line":76,"column":5}},"type":"if","locations":[{"start":{"line":74,"column":4},"end":{"line":76,"column":5}},{"start":{},"end":{}}],"line":74},"10":{"loc":{"start":{"line":74,"column":8},"end":{"line":74,"column":68}},"type":"binary-expr","locations":[{"start":{"line":74,"column":8},"end":{"line":74,"column":21}},{"start":{"line":74,"column":25},"end":{"line":74,"column":68}}],"line":74}},"s":{"0":9,"1":9,"2":9,"3":9,"4":9,"5":9,"6":9,"7":9,"8":9,"9":9,"10":0,"11":9,"12":9,"13":9,"14":0,"15":0,"16":0,"17":0,"18":0,"19":0,"20":0,"21":0,"22":0,"23":0,"24":0,"25":0,"26":0,"27":0,"28":0,"29":0,"30":0,"31":0,"32":0,"33":0,"34":0,"35":0,"36":0,"37":0,"38":0,"39":0,"40":0,"41":0,"42":18,"43":0,"44":18,"45":18},"f":{"0":9,"1":9,"2":9,"3":0,"4":0,"5":0,"6":0,"7":18},"b":{"0":[9,0],"1":[0,9],"2":[0,9],"3":[0,0,0],"4":[0,0],"5":[0,0],"6":[0,0],"7":[0,0],"8":[0,0],"9":[0,18],"10":[18,0]},"_coverageSchema":"1a1c01bbd47fc00a2c39e90264f33305004495a9","hash":"0bbee9906a8c2221bc2c972f04a0ea4fdb8e4947"}
,"/Users/madnerd/tul/src/core/ContainerItem.js": {"path":"/Users/madnerd/tul/src/core/ContainerItem.js","statementMap":{"0":{"start":{"line":6,"column":4},"end":{"line":6,"column":32}},"1":{"start":{"line":7,"column":4},"end":{"line":7,"column":23}},"2":{"start":{"line":8,"column":4},"end":{"line":8,"column":29}},"3":{"start":{"line":13,"column":17},"end":{"line":13,"column":35}},"4":{"start":{"line":14,"column":4},"end":{"line":16,"column":5}},"5":{"start":{"line":15,"column":6},"end":{"line":15,"column":49}},"6":{"start":{"line":15,"column":37},"end":{"line":15,"column":49}},"7":{"start":{"line":17,"column":4},"end":{"line":17,"column":44}},"8":{"start":{"line":17,"column":32},"end":{"line":17,"column":43}},"9":{"start":{"line":18,"column":4},"end":{"line":18,"column":23}},"10":{"start":{"line":19,"column":4},"end":{"line":19,"column":29}},"11":{"start":{"line":20,"column":4},"end":{"line":20,"column":26}},"12":{"start":{"line":24,"column":4},"end":{"line":24,"column":22}},"13":{"start":{"line":25,"column":4},"end":{"line":29,"column":6}},"14":{"start":{"line":26,"column":6},"end":{"line":28,"column":7}},"15":{"start":{"line":27,"column":8},"end":{"line":27,"column":26}},"16":{"start":{"line":33,"column":16},"end":{"line":33,"column":32}},"17":{"start":{"line":34,"column":4},"end":{"line":34,"column":54}},"18":{"start":{"line":34,"column":41},"end":{"line":34,"column":53}},"19":{"start":{"line":35,"column":4},"end":{"line":35,"column":14}},"20":{"start":{"line":39,"column":4},"end":{"line":39,"column":48}},"21":{"start":{"line":40,"column":4},"end":{"line":40,"column":88}},"22":{"start":{"line":59,"column":4},"end":{"line":59,"column":42}},"23":{"start":{"line":59,"column":36},"end":{"line":59,"column":42}},"24":{"start":{"line":60,"column":27},"end":{"line":60,"column":80}},"25":{"start":{"line":60,"column":53},"end":{"line":60,"column":79}},"26":{"start":{"line":61,"column":4},"end":{"line":61,"column":43}},"27":{"start":{"line":61,"column":37},"end":{"line":61,"column":43}},"28":{"start":{"line":63,"column":24},"end":{"line":63,"column":81}},"29":{"start":{"line":63,"column":58},"end":{"line":63,"column":77}},"30":{"start":{"line":64,"column":4},"end":{"line":69,"column":5}},"31":{"start":{"line":65,"column":16},"end":{"line":65,"column":43}},"32":{"start":{"line":66,"column":6},"end":{"line":66,"column":49}},"33":{"start":{"line":66,"column":36},"end":{"line":66,"column":46}},"34":{"start":{"line":67,"column":11},"end":{"line":69,"column":5}},"35":{"start":{"line":68,"column":6},"end":{"line":68,"column":76}},"36":{"start":{"line":68,"column":36},"end":{"line":68,"column":73}},"37":{"start":{"line":77,"column":4},"end":{"line":77,"column":74}},"38":{"start":{"line":77,"column":62},"end":{"line":77,"column":74}},"39":{"start":{"line":78,"column":4},"end":{"line":80,"column":5}},"40":{"start":{"line":78,"column":17},"end":{"line":78,"column":18}},"41":{"start":{"line":79,"column":6},"end":{"line":79,"column":68}},"42":{"start":{"line":79,"column":56},"end":{"line":79,"column":68}},"43":{"start":{"line":81,"column":4},"end":{"line":81,"column":15}},"44":{"start":{"line":89,"column":23},"end":{"line":89,"column":49}},"45":{"start":{"line":92,"column":30},"end":{"line":92,"column":39}},"46":{"start":{"line":93,"column":4},"end":{"line":95,"column":5}},"47":{"start":{"line":94,"column":6},"end":{"line":94,"column":67}},"48":{"start":{"line":97,"column":25},"end":{"line":97,"column":27}},"49":{"start":{"line":98,"column":21},"end":{"line":98,"column":54}},"50":{"start":{"line":100,"column":4},"end":{"line":123,"column":6}},"51":{"start":{"line":101,"column":6},"end":{"line":101,"column":41}},"52":{"start":{"line":103,"column":6},"end":{"line":122,"column":7}},"53":{"start":{"line":104,"column":26},"end":{"line":104,"column":50}},"54":{"start":{"line":105,"column":20},"end":{"line":105,"column":49}},"55":{"start":{"line":107,"column":8},"end":{"line":121,"column":9}},"56":{"start":{"line":109,"column":25},"end":{"line":109,"column":51}},"57":{"start":{"line":110,"column":10},"end":{"line":110,"column":46}},"58":{"start":{"line":111,"column":10},"end":{"line":111,"column":35}},"59":{"start":{"line":112,"column":10},"end":{"line":112,"column":39}},"60":{"start":{"line":118,"column":27},"end":{"line":118,"column":83}},"61":{"start":{"line":119,"column":10},"end":{"line":119,"column":48}},"62":{"start":{"line":120,"column":10},"end":{"line":120,"column":37}},"63":{"start":{"line":126,"column":4},"end":{"line":126,"column":47}},"64":{"start":{"line":126,"column":35},"end":{"line":126,"column":46}},"65":{"start":{"line":129,"column":4},"end":{"line":129,"column":33}},"66":{"start":{"line":130,"column":4},"end":{"line":130,"column":38}},"67":{"start":{"line":132,"column":4},"end":{"line":132,"column":33}},"68":{"start":{"line":133,"column":4},"end":{"line":133,"column":45}},"69":{"start":{"line":137,"column":4},"end":{"line":137,"column":26}},"70":{"start":{"line":139,"column":29},"end":{"line":139,"column":55}},"71":{"start":{"line":141,"column":4},"end":{"line":143,"column":5}},"72":{"start":{"line":142,"column":6},"end":{"line":142,"column":24}},"73":{"start":{"line":146,"column":4},"end":{"line":146,"column":56}},"74":{"start":{"line":146,"column":35},"end":{"line":146,"column":55}},"75":{"start":{"line":147,"column":4},"end":{"line":147,"column":21}},"76":{"start":{"line":153,"column":4},"end":{"line":153,"column":32}},"77":{"start":{"line":154,"column":4},"end":{"line":154,"column":21}},"78":{"start":{"line":160,"column":4},"end":{"line":160,"column":32}},"79":{"start":{"line":161,"column":4},"end":{"line":161,"column":24}}},"fnMap":{"0":{"name":"(anonymous_0)","decl":{"start":{"line":5,"column":2},"end":{"line":5,"column":3}},"loc":{"start":{"line":5,"column":38},"end":{"line":9,"column":3}},"line":5},"1":{"name":"(anonymous_1)","decl":{"start":{"line":11,"column":2},"end":{"line":11,"column":3}},"loc":{"start":{"line":11,"column":13},"end":{"line":21,"column":3}},"line":11},"2":{"name":"(anonymous_2)","decl":{"start":{"line":17,"column":27},"end":{"line":17,"column":28}},"loc":{"start":{"line":17,"column":32},"end":{"line":17,"column":43}},"line":17},"3":{"name":"(anonymous_3)","decl":{"start":{"line":23,"column":2},"end":{"line":23,"column":3}},"loc":{"start":{"line":23,"column":16},"end":{"line":30,"column":3}},"line":23},"4":{"name":"(anonymous_4)","decl":{"start":{"line":25,"column":26},"end":{"line":25,"column":27}},"loc":{"start":{"line":25,"column":35},"end":{"line":29,"column":5}},"line":25},"5":{"name":"(anonymous_5)","decl":{"start":{"line":32,"column":2},"end":{"line":32,"column":3}},"loc":{"start":{"line":32,"column":14},"end":{"line":36,"column":3}},"line":32},"6":{"name":"(anonymous_6)","decl":{"start":{"line":34,"column":36},"end":{"line":34,"column":37}},"loc":{"start":{"line":34,"column":41},"end":{"line":34,"column":53}},"line":34},"7":{"name":"(anonymous_7)","decl":{"start":{"line":38,"column":2},"end":{"line":38,"column":3}},"loc":{"start":{"line":38,"column":15},"end":{"line":41,"column":3}},"line":38},"8":{"name":"(anonymous_8)","decl":{"start":{"line":43,"column":2},"end":{"line":43,"column":3}},"loc":{"start":{"line":43,"column":33},"end":{"line":45,"column":3}},"line":43},"9":{"name":"(anonymous_9)","decl":{"start":{"line":47,"column":2},"end":{"line":47,"column":3}},"loc":{"start":{"line":47,"column":26},"end":{"line":49,"column":3}},"line":47},"10":{"name":"(anonymous_10)","decl":{"start":{"line":51,"column":2},"end":{"line":51,"column":3}},"loc":{"start":{"line":51,"column":32},"end":{"line":53,"column":3}},"line":51},"11":{"name":"(anonymous_11)","decl":{"start":{"line":58,"column":2},"end":{"line":58,"column":3}},"loc":{"start":{"line":58,"column":21},"end":{"line":70,"column":3}},"line":58},"12":{"name":"(anonymous_12)","decl":{"start":{"line":60,"column":48},"end":{"line":60,"column":49}},"loc":{"start":{"line":60,"column":53},"end":{"line":60,"column":79}},"line":60},"13":{"name":"(anonymous_13)","decl":{"start":{"line":63,"column":46},"end":{"line":63,"column":47}},"loc":{"start":{"line":63,"column":58},"end":{"line":63,"column":77}},"line":63},"14":{"name":"(anonymous_14)","decl":{"start":{"line":66,"column":29},"end":{"line":66,"column":30}},"loc":{"start":{"line":66,"column":34},"end":{"line":66,"column":48}},"line":66},"15":{"name":"(anonymous_15)","decl":{"start":{"line":68,"column":29},"end":{"line":68,"column":30}},"loc":{"start":{"line":68,"column":34},"end":{"line":68,"column":75}},"line":68},"16":{"name":"(anonymous_16)","decl":{"start":{"line":76,"column":2},"end":{"line":76,"column":3}},"loc":{"start":{"line":76,"column":24},"end":{"line":82,"column":3}},"line":76},"17":{"name":"(anonymous_17)","decl":{"start":{"line":88,"column":2},"end":{"line":88,"column":3}},"loc":{"start":{"line":88,"column":17},"end":{"line":134,"column":3}},"line":88},"18":{"name":"(anonymous_18)","decl":{"start":{"line":100,"column":26},"end":{"line":100,"column":27}},"loc":{"start":{"line":100,"column":44},"end":{"line":123,"column":5}},"line":100},"19":{"name":"(anonymous_19)","decl":{"start":{"line":126,"column":30},"end":{"line":126,"column":31}},"loc":{"start":{"line":126,"column":35},"end":{"line":126,"column":46}},"line":126},"20":{"name":"(anonymous_20)","decl":{"start":{"line":136,"column":2},"end":{"line":136,"column":3}},"loc":{"start":{"line":136,"column":18},"end":{"line":148,"column":3}},"line":136},"21":{"name":"(anonymous_21)","decl":{"start":{"line":146,"column":26},"end":{"line":146,"column":27}},"loc":{"start":{"line":146,"column":35},"end":{"line":146,"column":55}},"line":146},"22":{"name":"(anonymous_22)","decl":{"start":{"line":152,"column":2},"end":{"line":152,"column":3}},"loc":{"start":{"line":152,"column":38},"end":{"line":155,"column":3}},"line":152},"23":{"name":"(anonymous_23)","decl":{"start":{"line":159,"column":2},"end":{"line":159,"column":3}},"loc":{"start":{"line":159,"column":38},"end":{"line":162,"column":3}},"line":159}},"branchMap":{"0":{"loc":{"start":{"line":15,"column":6},"end":{"line":15,"column":49}},"type":"if","locations":[{"start":{"line":15,"column":6},"end":{"line":15,"column":49}},{"start":{},"end":{}}],"line":15},"1":{"loc":{"start":{"line":26,"column":6},"end":{"line":28,"column":7}},"type":"if","locations":[{"start":{"line":26,"column":6},"end":{"line":28,"column":7}},{"start":{},"end":{}}],"line":26},"2":{"loc":{"start":{"line":40,"column":29},"end":{"line":40,"column":88}},"type":"cond-expr","locations":[{"start":{"line":40,"column":58},"end":{"line":40,"column":70}},{"start":{"line":40,"column":73},"end":{"line":40,"column":88}}],"line":40},"3":{"loc":{"start":{"line":59,"column":4},"end":{"line":59,"column":42}},"type":"if","locations":[{"start":{"line":59,"column":4},"end":{"line":59,"column":42}},{"start":{},"end":{}}],"line":59},"4":{"loc":{"start":{"line":61,"column":4},"end":{"line":61,"column":43}},"type":"if","locations":[{"start":{"line":61,"column":4},"end":{"line":61,"column":43}},{"start":{},"end":{}}],"line":61},"5":{"loc":{"start":{"line":63,"column":65},"end":{"line":63,"column":76}},"type":"binary-expr","locations":[{"start":{"line":63,"column":65},"end":{"line":63,"column":71}},{"start":{"line":63,"column":75},"end":{"line":63,"column":76}}],"line":63},"6":{"loc":{"start":{"line":64,"column":4},"end":{"line":69,"column":5}},"type":"if","locations":[{"start":{"line":64,"column":4},"end":{"line":69,"column":5}},{"start":{"line":67,"column":11},"end":{"line":69,"column":5}}],"line":64},"7":{"loc":{"start":{"line":67,"column":11},"end":{"line":69,"column":5}},"type":"if","locations":[{"start":{"line":67,"column":11},"end":{"line":69,"column":5}},{"start":{},"end":{}}],"line":67},"8":{"loc":{"start":{"line":77,"column":4},"end":{"line":77,"column":74}},"type":"if","locations":[{"start":{"line":77,"column":4},"end":{"line":77,"column":74}},{"start":{},"end":{}}],"line":77},"9":{"loc":{"start":{"line":79,"column":6},"end":{"line":79,"column":68}},"type":"if","locations":[{"start":{"line":79,"column":6},"end":{"line":79,"column":68}},{"start":{},"end":{}}],"line":79},"10":{"loc":{"start":{"line":103,"column":6},"end":{"line":122,"column":7}},"type":"if","locations":[{"start":{"line":103,"column":6},"end":{"line":122,"column":7}},{"start":{},"end":{}}],"line":103},"11":{"loc":{"start":{"line":107,"column":8},"end":{"line":121,"column":9}},"type":"if","locations":[{"start":{"line":107,"column":8},"end":{"line":121,"column":9}},{"start":{"line":113,"column":15},"end":{"line":121,"column":9}}],"line":107},"12":{"loc":{"start":{"line":141,"column":4},"end":{"line":143,"column":5}},"type":"if","locations":[{"start":{"line":141,"column":4},"end":{"line":143,"column":5}},{"start":{},"end":{}}],"line":141}},"s":{"0":2,"1":2,"2":2,"3":2,"4":2,"5":4,"6":0,"7":2,"8":0,"9":2,"10":2,"11":2,"12":6,"13":6,"14":6,"15":6,"16":0,"17":0,"18":0,"19":0,"20":2,"21":2,"22":6,"23":2,"24":4,"25":6,"26":4,"27":0,"28":4,"29":6,"30":4,"31":0,"32":0,"33":0,"34":4,"35":2,"36":2,"37":6,"38":6,"39":0,"40":0,"41":0,"42":0,"43":0,"44":6,"45":6,"46":6,"47":2,"48":6,"49":6,"50":6,"51":6,"52":6,"53":2,"54":2,"55":2,"56":0,"57":0,"58":0,"59":0,"60":2,"61":2,"62":2,"63":6,"64":2,"65":6,"66":6,"67":6,"68":6,"69":6,"70":6,"71":6,"72":6,"73":6,"74":6,"75":6,"76":2,"77":2,"78":0,"79":0},"f":{"0":2,"1":2,"2":0,"3":6,"4":6,"5":0,"6":0,"7":2,"8":4,"9":0,"10":0,"11":6,"12":6,"13":6,"14":0,"15":2,"16":6,"17":6,"18":6,"19":2,"20":6,"21":6,"22":2,"23":0},"b":{"0":[0,4],"1":[6,0],"2":[2,0],"3":[2,4],"4":[0,4],"5":[6,0],"6":[0,4],"7":[2,2],"8":[6,0],"9":[0,0],"10":[2,4],"11":[0,2],"12":[6,0]},"_coverageSchema":"1a1c01bbd47fc00a2c39e90264f33305004495a9","hash":"036276d78dd9689037abfc73ce0b084af91f2eb9"}
,"/Users/madnerd/tul/src/core/ContentItem.js": {"path":"/Users/madnerd/tul/src/core/ContentItem.js","statementMap":{"0":{"start":{"line":6,"column":4},"end":{"line":6,"column":11}},"1":{"start":{"line":7,"column":4},"end":{"line":7,"column":30}},"2":{"start":{"line":8,"column":4},"end":{"line":8,"column":38}},"3":{"start":{"line":9,"column":4},"end":{"line":9,"column":22}},"4":{"start":{"line":10,"column":4},"end":{"line":10,"column":22}},"5":{"start":{"line":11,"column":4},"end":{"line":11,"column":23}},"6":{"start":{"line":12,"column":4},"end":{"line":12,"column":40}},"7":{"start":{"line":13,"column":4},"end":{"line":13,"column":45}},"8":{"start":{"line":14,"column":4},"end":{"line":14,"column":47}},"9":{"start":{"line":15,"column":4},"end":{"line":15,"column":50}},"10":{"start":{"line":17,"column":4},"end":{"line":17,"column":26}},"11":{"start":{"line":18,"column":4},"end":{"line":18,"column":27}},"12":{"start":{"line":20,"column":4},"end":{"line":20,"column":20}},"13":{"start":{"line":21,"column":4},"end":{"line":23,"column":5}},"14":{"start":{"line":22,"column":6},"end":{"line":22,"column":36}},"15":{"start":{"line":29,"column":4},"end":{"line":29,"column":23}},"16":{"start":{"line":30,"column":4},"end":{"line":34,"column":5}},"17":{"start":{"line":31,"column":6},"end":{"line":31,"column":43}},"18":{"start":{"line":33,"column":6},"end":{"line":33,"column":31}},"19":{"start":{"line":35,"column":4},"end":{"line":35,"column":38}},"20":{"start":{"line":36,"column":4},"end":{"line":38,"column":5}},"21":{"start":{"line":37,"column":6},"end":{"line":37,"column":25}},"22":{"start":{"line":42,"column":18},"end":{"line":42,"column":46}},"23":{"start":{"line":43,"column":4},"end":{"line":59,"column":5}},"24":{"start":{"line":45,"column":6},"end":{"line":45,"column":59}},"25":{"start":{"line":45,"column":47},"end":{"line":45,"column":59}},"26":{"start":{"line":47,"column":6},"end":{"line":47,"column":36}},"27":{"start":{"line":48,"column":6},"end":{"line":48,"column":25}},"28":{"start":{"line":51,"column":6},"end":{"line":51,"column":21}},"29":{"start":{"line":53,"column":6},"end":{"line":53,"column":25}},"30":{"start":{"line":54,"column":6},"end":{"line":54,"column":31}},"31":{"start":{"line":55,"column":6},"end":{"line":57,"column":7}},"32":{"start":{"line":56,"column":8},"end":{"line":56,"column":47}},"33":{"start":{"line":58,"column":6},"end":{"line":58,"column":17}},"34":{"start":{"line":60,"column":4},"end":{"line":60,"column":16}},"35":{"start":{"line":64,"column":4},"end":{"line":64,"column":35}},"36":{"start":{"line":65,"column":4},"end":{"line":65,"column":26}},"37":{"start":{"line":66,"column":4},"end":{"line":66,"column":26}},"38":{"start":{"line":67,"column":4},"end":{"line":67,"column":45}},"39":{"start":{"line":68,"column":4},"end":{"line":68,"column":23}},"40":{"start":{"line":77,"column":18},"end":{"line":77,"column":46}},"41":{"start":{"line":78,"column":4},"end":{"line":91,"column":5}},"42":{"start":{"line":79,"column":6},"end":{"line":79,"column":36}},"43":{"start":{"line":80,"column":6},"end":{"line":80,"column":25}},"44":{"start":{"line":82,"column":6},"end":{"line":84,"column":7}},"45":{"start":{"line":83,"column":8},"end":{"line":83,"column":62}},"46":{"start":{"line":85,"column":6},"end":{"line":85,"column":25}},"47":{"start":{"line":86,"column":6},"end":{"line":86,"column":31}},"48":{"start":{"line":87,"column":6},"end":{"line":89,"column":7}},"49":{"start":{"line":88,"column":8},"end":{"line":88,"column":47}},"50":{"start":{"line":90,"column":6},"end":{"line":90,"column":17}},"51":{"start":{"line":92,"column":4},"end":{"line":92,"column":16}},"52":{"start":{"line":102,"column":4},"end":{"line":102,"column":34}},"53":{"start":{"line":102,"column":26},"end":{"line":102,"column":34}},"54":{"start":{"line":103,"column":21},"end":{"line":103,"column":154}},"55":{"start":{"line":104,"column":4},"end":{"line":104,"column":57}},"56":{"start":{"line":108,"column":4},"end":{"line":108,"column":34}},"57":{"start":{"line":108,"column":26},"end":{"line":108,"column":34}},"58":{"start":{"line":109,"column":21},"end":{"line":109,"column":157}},"59":{"start":{"line":110,"column":4},"end":{"line":110,"column":58}},"60":{"start":{"line":114,"column":4},"end":{"line":114,"column":29}},"61":{"start":{"line":114,"column":23},"end":{"line":114,"column":29}},"62":{"start":{"line":115,"column":17},"end":{"line":115,"column":26}},"63":{"start":{"line":117,"column":4},"end":{"line":117,"column":132}},"64":{"start":{"line":118,"column":4},"end":{"line":118,"column":136}},"65":{"start":{"line":119,"column":4},"end":{"line":137,"column":5}},"66":{"start":{"line":120,"column":6},"end":{"line":120,"column":46}},"67":{"start":{"line":121,"column":6},"end":{"line":121,"column":35}},"68":{"start":{"line":122,"column":6},"end":{"line":122,"column":36}},"69":{"start":{"line":123,"column":11},"end":{"line":137,"column":5}},"70":{"start":{"line":124,"column":6},"end":{"line":124,"column":45}},"71":{"start":{"line":125,"column":20},"end":{"line":125,"column":68}},"72":{"start":{"line":126,"column":6},"end":{"line":132,"column":7}},"73":{"start":{"line":127,"column":8},"end":{"line":127,"column":39}},"74":{"start":{"line":128,"column":8},"end":{"line":128,"column":38}},"75":{"start":{"line":130,"column":8},"end":{"line":130,"column":40}},"76":{"start":{"line":131,"column":8},"end":{"line":131,"column":37}},"77":{"start":{"line":134,"column":6},"end":{"line":134,"column":42}},"78":{"start":{"line":135,"column":6},"end":{"line":135,"column":35}},"79":{"start":{"line":136,"column":6},"end":{"line":136,"column":36}},"80":{"start":{"line":138,"column":4},"end":{"line":138,"column":23}},"81":{"start":{"line":142,"column":4},"end":{"line":142,"column":56}},"82":{"start":{"line":142,"column":44},"end":{"line":142,"column":56}},"83":{"start":{"line":144,"column":4},"end":{"line":147,"column":5}},"84":{"start":{"line":145,"column":6},"end":{"line":145,"column":29}},"85":{"start":{"line":146,"column":6},"end":{"line":146,"column":26}},"86":{"start":{"line":148,"column":4},"end":{"line":151,"column":5}},"87":{"start":{"line":149,"column":6},"end":{"line":149,"column":28}},"88":{"start":{"line":150,"column":6},"end":{"line":150,"column":27}},"89":{"start":{"line":152,"column":4},"end":{"line":152,"column":24}},"90":{"start":{"line":153,"column":17},"end":{"line":153,"column":35}},"91":{"start":{"line":154,"column":4},"end":{"line":156,"column":5}},"92":{"start":{"line":155,"column":6},"end":{"line":155,"column":45}},"93":{"start":{"line":155,"column":33},"end":{"line":155,"column":45}},"94":{"start":{"line":158,"column":4},"end":{"line":165,"column":5}},"95":{"start":{"line":159,"column":6},"end":{"line":161,"column":7}},"96":{"start":{"line":160,"column":8},"end":{"line":160,"column":65}},"97":{"start":{"line":162,"column":6},"end":{"line":162,"column":35}},"98":{"start":{"line":163,"column":11},"end":{"line":165,"column":5}},"99":{"start":{"line":164,"column":6},"end":{"line":164,"column":58}},"100":{"start":{"line":166,"column":4},"end":{"line":166,"column":15}},"101":{"start":{"line":170,"column":16},"end":{"line":175,"column":5}},"102":{"start":{"line":176,"column":4},"end":{"line":176,"column":33}},"103":{"start":{"line":176,"column":17},"end":{"line":176,"column":33}},"104":{"start":{"line":177,"column":4},"end":{"line":179,"column":5}},"105":{"start":{"line":178,"column":6},"end":{"line":178,"column":56}},"106":{"start":{"line":178,"column":43},"end":{"line":178,"column":55}},"107":{"start":{"line":180,"column":4},"end":{"line":180,"column":14}}},"fnMap":{"0":{"name":"(anonymous_0)","decl":{"start":{"line":5,"column":2},"end":{"line":5,"column":3}},"loc":{"start":{"line":5,"column":38},"end":{"line":24,"column":3}},"line":5},"1":{"name":"(anonymous_1)","decl":{"start":{"line":26,"column":2},"end":{"line":26,"column":3}},"loc":{"start":{"line":26,"column":15},"end":{"line":26,"column":33}},"line":26},"2":{"name":"(anonymous_2)","decl":{"start":{"line":28,"column":2},"end":{"line":28,"column":3}},"loc":{"start":{"line":28,"column":46},"end":{"line":39,"column":3}},"line":28},"3":{"name":"(anonymous_3)","decl":{"start":{"line":41,"column":2},"end":{"line":41,"column":3}},"loc":{"start":{"line":41,"column":22},"end":{"line":61,"column":3}},"line":41},"4":{"name":"(anonymous_4)","decl":{"start":{"line":63,"column":2},"end":{"line":63,"column":3}},"loc":{"start":{"line":63,"column":43},"end":{"line":69,"column":3}},"line":63},"5":{"name":"(anonymous_5)","decl":{"start":{"line":76,"column":2},"end":{"line":76,"column":3}},"loc":{"start":{"line":76,"column":22},"end":{"line":93,"column":3}},"line":76},"6":{"name":"(anonymous_6)","decl":{"start":{"line":95,"column":2},"end":{"line":95,"column":3}},"loc":{"start":{"line":95,"column":33},"end":{"line":95,"column":51}},"line":95},"7":{"name":"(anonymous_7)","decl":{"start":{"line":96,"column":2},"end":{"line":96,"column":3}},"loc":{"start":{"line":96,"column":26},"end":{"line":96,"column":44}},"line":96},"8":{"name":"(anonymous_8)","decl":{"start":{"line":97,"column":2},"end":{"line":97,"column":3}},"loc":{"start":{"line":97,"column":40},"end":{"line":97,"column":58}},"line":97},"9":{"name":"(anonymous_9)","decl":{"start":{"line":99,"column":2},"end":{"line":99,"column":3}},"loc":{"start":{"line":99,"column":18},"end":{"line":99,"column":36}},"line":99},"10":{"name":"(anonymous_10)","decl":{"start":{"line":101,"column":2},"end":{"line":101,"column":3}},"loc":{"start":{"line":101,"column":19},"end":{"line":105,"column":3}},"line":101},"11":{"name":"(anonymous_11)","decl":{"start":{"line":107,"column":2},"end":{"line":107,"column":3}},"loc":{"start":{"line":107,"column":20},"end":{"line":111,"column":3}},"line":107},"12":{"name":"(anonymous_12)","decl":{"start":{"line":113,"column":2},"end":{"line":113,"column":3}},"loc":{"start":{"line":113,"column":16},"end":{"line":139,"column":3}},"line":113},"13":{"name":"(anonymous_13)","decl":{"start":{"line":141,"column":2},"end":{"line":141,"column":3}},"loc":{"start":{"line":141,"column":13},"end":{"line":167,"column":3}},"line":141},"14":{"name":"(anonymous_14)","decl":{"start":{"line":169,"column":2},"end":{"line":169,"column":3}},"loc":{"start":{"line":169,"column":14},"end":{"line":181,"column":3}},"line":169},"15":{"name":"(anonymous_15)","decl":{"start":{"line":178,"column":38},"end":{"line":178,"column":39}},"loc":{"start":{"line":178,"column":43},"end":{"line":178,"column":55}},"line":178}},"branchMap":{"0":{"loc":{"start":{"line":7,"column":18},"end":{"line":7,"column":30}},"type":"binary-expr","locations":[{"start":{"line":7,"column":18},"end":{"line":7,"column":24}},{"start":{"line":7,"column":28},"end":{"line":7,"column":30}}],"line":7},"1":{"loc":{"start":{"line":12,"column":16},"end":{"line":12,"column":40}},"type":"binary-expr","locations":[{"start":{"line":12,"column":16},"end":{"line":12,"column":32}},{"start":{"line":12,"column":36},"end":{"line":12,"column":40}}],"line":12},"2":{"loc":{"start":{"line":13,"column":20},"end":{"line":13,"column":45}},"type":"binary-expr","locations":[{"start":{"line":13,"column":20},"end":{"line":13,"column":40}},{"start":{"line":13,"column":44},"end":{"line":13,"column":45}}],"line":13},"3":{"loc":{"start":{"line":14,"column":21},"end":{"line":14,"column":47}},"type":"binary-expr","locations":[{"start":{"line":14,"column":21},"end":{"line":14,"column":42}},{"start":{"line":14,"column":46},"end":{"line":14,"column":47}}],"line":14},"4":{"loc":{"start":{"line":15,"column":14},"end":{"line":15,"column":50}},"type":"binary-expr","locations":[{"start":{"line":15,"column":14},"end":{"line":15,"column":28}},{"start":{"line":15,"column":32},"end":{"line":15,"column":50}}],"line":15},"5":{"loc":{"start":{"line":21,"column":4},"end":{"line":23,"column":5}},"type":"if","locations":[{"start":{"line":21,"column":4},"end":{"line":23,"column":5}},{"start":{},"end":{}}],"line":21},"6":{"loc":{"start":{"line":28,"column":26},"end":{"line":28,"column":44}},"type":"default-arg","locations":[{"start":{"line":28,"column":39},"end":{"line":28,"column":44}}],"line":28},"7":{"loc":{"start":{"line":30,"column":4},"end":{"line":34,"column":5}},"type":"if","locations":[{"start":{"line":30,"column":4},"end":{"line":34,"column":5}},{"start":{"line":32,"column":11},"end":{"line":34,"column":5}}],"line":30},"8":{"loc":{"start":{"line":36,"column":4},"end":{"line":38,"column":5}},"type":"if","locations":[{"start":{"line":36,"column":4},"end":{"line":38,"column":5}},{"start":{},"end":{}}],"line":36},"9":{"loc":{"start":{"line":43,"column":4},"end":{"line":59,"column":5}},"type":"if","locations":[{"start":{"line":43,"column":4},"end":{"line":59,"column":5}},{"start":{},"end":{}}],"line":43},"10":{"loc":{"start":{"line":45,"column":6},"end":{"line":45,"column":59}},"type":"if","locations":[{"start":{"line":45,"column":6},"end":{"line":45,"column":59}},{"start":{},"end":{}}],"line":45},"11":{"loc":{"start":{"line":55,"column":6},"end":{"line":57,"column":7}},"type":"if","locations":[{"start":{"line":55,"column":6},"end":{"line":57,"column":7}},{"start":{},"end":{}}],"line":55},"12":{"loc":{"start":{"line":78,"column":4},"end":{"line":91,"column":5}},"type":"if","locations":[{"start":{"line":78,"column":4},"end":{"line":91,"column":5}},{"start":{},"end":{}}],"line":78},"13":{"loc":{"start":{"line":82,
[...]
start":{},"end":{}}],"line":186},"54":{"loc":{"start":{"line":195,"column":6},"end":{"line":211,"column":7}},"type":"if","locations":[{"start":{"line":195,"column":6},"end":{"line":211,"column":7}},{"start":{},"end":{}}],"line":195},"55":{"loc":{"start":{"line":197,"column":8},"end":{"line":210,"column":9}},"type":"if","locations":[{"start":{"line":197,"column":8},"end":{"line":210,"column":9}},{"start":{"line":202,"column":15},"end":{"line":210,"column":9}}],"line":197},"56":{"loc":{"start":{"line":197,"column":12},"end":{"line":197,"column":55}},"type":"binary-expr","locations":[{"start":{"line":197,"column":12},"end":{"line":197,"column":32}},{"start":{"line":197,"column":36},"end":{"line":197,"column":55}}],"line":197},"57":{"loc":{"start":{"line":198,"column":39},"end":{"line":198,"column":100}},"type":"cond-expr","locations":[{"start":{"line":198,"column":61},"end":{"line":198,"column":91}},{"start":{"line":198,"column":94},"end":{"line":198,"column":100}}],"line":198},"58":{"loc":{"start":{"line":199,"column":25},"end":{"line":199,"column":92}},"type":"cond-expr","locations":[{"start":{"line":199,"column":47},"end":{"line":199,"column":80}},{"start":{"line":199,"column":83},"end":{"line":199,"column":92}}],"line":199},"59":{"loc":{"start":{"line":200,"column":10},"end":{"line":200,"column":46}},"type":"if","locations":[{"start":{"line":200,"column":10},"end":{"line":200,"column":46}},{"start":{},"end":{}}],"line":200},"60":{"loc":{"start":{"line":204,"column":28},"end":{"line":204,"column":116}},"type":"cond-expr","locations":[{"start":{"line":204,"column":46},"end":{"line":204,"column":79}},{"start":{"line":204,"column":82},"end":{"line":204,"column":116}}],"line":204},"61":{"loc":{"start":{"line":206,"column":10},"end":{"line":206,"column":52}},"type":"if","locations":[{"start":{"line":206,"column":10},"end":{"line":206,"column":52}},{"start":{},"end":{}}],"line":206},"62":{"loc":{"start":{"line":212,"column":6},"end":{"line":227,"column":7}},"type":"if","locations":[{"start":{"line":212,"column":6},"end":{"line":227,"column":7}},{"start":{},"end":{}}],"line":212},"63":{"loc":{"start":{"line":214,"column":8},"end":{"line":226,"column":9}},"type":"if","locations":[{"start":{"line":214,"column":8},"end":{"line":226,"column":9}},{"start":{"line":219,"column":15},"end":{"line":226,"column":9}}],"line":214},"64":{"loc":{"start":{"line":214,"column":12},"end":{"line":214,"column":55}},"type":"binary-expr","locations":[{"start":{"line":214,"column":12},"end":{"line":214,"column":32}},{"start":{"line":214,"column":36},"end":{"line":214,"column":55}}],"line":214},"65":{"loc":{"start":{"line":215,"column":39},"end":{"line":215,"column":100}},"type":"cond-expr","locations":[{"start":{"line":215,"column":61},"end":{"line":215,"column":91}},{"start":{"line":215,"column":94},"end":{"line":215,"column":100}}],"line":215},"66":{"loc":{"start":{"line":216,"column":25},"end":{"line":216,"column":92}},"type":"cond-expr","locations":[{"start":{"line":216,"column":47},"end":{"line":216,"column":80}},{"start":{"line":216,"column":83},"end":{"line":216,"column":92}}],"line":216},"67":{"loc":{"start":{"line":217,"column":10},"end":{"line":217,"column":46}},"type":"if","locations":[{"start":{"line":217,"column":10},"end":{"line":217,"column":46}},{"start":{},"end":{}}],"line":217},"68":{"loc":{"start":{"line":220,"column":28},"end":{"line":220,"column":116}},"type":"cond-expr","locations":[{"start":{"line":220,"column":46},"end":{"line":220,"column":79}},{"start":{"line":220,"column":82},"end":{"line":220,"column":116}}],"line":220},"69":{"loc":{"start":{"line":222,"column":10},"end":{"line":222,"column":52}},"type":"if","locations":[{"start":{"line":222,"column":10},"end":{"line":222,"column":52}},{"start":{},"end":{}}],"line":222},"70":{"loc":{"start":{"line":236,"column":4},"end":{"line":243,"column":5}},"type":"if","locations":[{"start":{"line":236,"column":4},"end":{"line":243,"column":5}},{"start":{},"end":{}}],"line":236},"71":{"loc":{"start":{"line":247,"column":4},"end":{"line":249,"column":5}},"type":"if","locations":[{"start":{"line":247,"column":4},"end":{"line":249,"column":5}},{"start":{},"end":{}}],"line":247},"72":{"loc":{"start":{"line":252,"column":4},"end":{"line":254,"column":5}},"type":"if","locations":[{"start":{"line":252,"column":4},"end":{"line":254,"column":5}},{"start":{},"end":{}}],"line":252}},"s":{"0":4,"1":4,"2":4,"3":4,"4":4,"5":4,"6":4,"7":4,"8":4,"9":4,"10":4,"11":4,"12":4,"13":4,"14":4,"15":4,"16":4,"17":1,"18":0,"19":1,"20":1,"21":1,"22":1,"23":0,"24":1,"25":1,"26":0,"27":0,"28":0,"29":0,"30":1,"31":1,"32":1,"33":1,"34":1,"35":1,"36":1,"37":1,"38":1,"39":2,"40":2,"41":0,"42":1,"43":1,"44":1,"45":1,"46":1,"47":1,"48":1,"49":1,"50":1,"51":1,"52":1,"53":1,"54":0,"55":0,"56":0,"57":0,"58":0,"59":0,"60":1,"61":1,"62":1,"63":1,"64":1,"65":1,"66":0,"67":1,"68":1,"69":1,"70":1,"71":1,"72":1,"73":1,"74":1,"75":1,"76":1,"77":1,"78":1,"79":1,"80":1,"81":1,"82":1,"83":1,"84":1,"85":1,"86":1,"87":2,"88":2,"89":0,"90":1,"91":1,"92":1,"93":1,"94":1,"95":1,"96":1,"97":0,"98":1,"99":0,"100":0,"101":1,"102":1,"103":1,"104":1,"105":1,"106":1,"107":0,"108":1,"109":1,"110":1,"111":1,"112":0,"113":1,"114":1,"115":1,"116":1,"117":1,"118":1,"119":1,"120":1,"121":1,"122":1,"123":1,"124":1,"125":0,"126":0,"127":1,"128":0,"129":0,"130":1,"131":1,"132":0,"133":0,"134":0,"135":0,"136":0,"137":0,"138":0,"139":0,"140":0,"141":0,"142":0,"143":0,"144":0,"145":0,"146":0,"147":0,"148":0,"149":0,"150":0,"151":0,"152":0,"153":0,"154":0,"155":0,"156":0,"157":0,"158":0,"159":0,"160":0,"161":0,"162":1,"163":1,"164":1,"165":1,"166":1,"167":1,"168":1,"169":1,"170":1,"171":3,"172":0,"173":3,"174":3,"175":3,"176":3},"f":{"0":4,"1":1,"2":1,"3":2,"4":1,"5":1,"6":2,"7":1,"8":1,"9":1,"10":1,"11":3},"b":{"0":[4,0],"1":[0,1],"2":[1,1,1],"3":[0,1],"4":[1,0],"5":[0,1],"6":[1,0],"7":[0,0],"8":[0,0],"9":[1,0],"10":[1,0],"11":[2,0],"12":[0,0],"13":[1,0],"14":[1,0],"15":[1,0],"16":[1,0],"17":[1,0],"18":[1,0],"19":[1,1],"20":[0,0],"21":[0,0],"22":[0,1],"23":[1,0],"24":[1,0],"25":[0,1],"26":[0,1],"27":[1,0],"28":[1,0],"29":[1,0],"30":[1,0],"31":[1,0],"32":[1,0],"33":[2,0],"34":[0,0],"35":[1,0],"36":[0,1],"37":[0,1],"38":[0,1],"39":[1,0],"40":[0,1],"41":[0,1],"42":[0,1],"43":[1,0],"44":[1,0],"45":[1,1],"46":[0,0],"47":[1,0],"48":[1,1],"49":[0,0],"50":[1,0],"51":[1,1],"52":[0,1],"53":[0,1],"54":[0,0],"55":[0,0],"56":[0,0],"57":[0,0],"58":[0,0],"59":[0,0],"60":[0,0],"61":[0,0],"62":[0,0],"63":[0,0],"64":[0,0],"65":[0,0],"66":[0,0],"67":[0,0],"68":[0,0],"69":[0,0],"70":[1,0],"71":[0,3],"72":[3,0]},"_coverageSchema":"1a1c01bbd47fc00a2c39e90264f33305004495a9","hash":"f4da888b0734780f2e315d286c48742e6d3cf72f"}
,"/Users/madnerd/tul/src/ui/Toast.js": {"path":"/Users/madnerd/tul/src/ui/Toast.js","statementMap":{"0":{"start":{"line":5,"column":4},"end":{"line":5,"column":72}},"1":{"start":{"line":6,"column":4},"end":{"line":6,"column":61}},"2":{"start":{"line":6,"column":26},"end":{"line":6,"column":61}},"3":{"start":{"line":8,"column":17},"end":{"line":10,"column":219}},"4":{"start":{"line":12,"column":4},"end":{"line":12,"column":66}},"5":{"start":{"line":14,"column":4},"end":{"line":17,"column":12}},"6":{"start":{"line":15,"column":6},"end":{"line":15,"column":42}},"7":{"start":{"line":16,"column":6},"end":{"line":16,"column":43}},"8":{"start":{"line":16,"column":23},"end":{"line":16,"column":37}},"9":{"start":{"line":21,"column":4},"end":{"line":23,"column":5}},"10":{"start":{"line":22,"column":6},"end":{"line":22,"column":58}}},"fnMap":{"0":{"name":"(anonymous_0)","decl":{"start":{"line":4,"column":2},"end":{"line":4,"column":3}},"loc":{"start":{"line":4,"column":50},"end":{"line":18,"column":3}},"line":4},"1":{"name":"(anonymous_1)","decl":{"start":{"line":14,"column":15},"end":{"line":14,"column":16}},"loc":{"start":{"line":14,"column":21},"end":{"line":17,"column":5}},"line":14},"2":{"name":"(anonymous_2)","decl":{"start":{"line":16,"column":17},"end":{"line":16,"column":18}},"loc":{"start":{"line":16,"column":23},"end":{"line":16,"column":37}},"line":16},"3":{"name":"(anonymous_3)","decl":{"start":{"line":20,"column":2},"end":{"line":20,"column":3}},"loc":{"start":{"line":20,"column":13},"end":{"line":24,"column":3}},"line":20}},"branchMap":{"0":{"loc":{"start":{"line":4,"column":35},"end":{"line":4,"column":48}},"type":"default-arg","locations":[{"start":{"line":4,"column":42},"end":{"line":4,"column":48}}],"line":4},"1":{"loc":{"start":{"line":6,"column":4},"end":{"line":6,"column":61}},"type":"if","locations":[{"start":{"line":6,"column":4},"end":{"line":6,"column":61}},{"start":{},"end":{}}],"line":6},"2":{"loc":{"start":{"line":8,"column":17},"end":{"line":10,"column":219}},"type":"cond-expr","locations":[{"start":{"line":9,"column":8},"end":{"line":9,"column":241}},{"start":{"line":10,"column":8},"end":{"line":10,"column":219}}],"line":8},"3":{"loc":{"start":{"line":21,"column":4},"end":{"line":23,"column":5}},"type":"if","locations":[{"start":{"line":21,"column":4},"end":{"line":23,"column":5}},{"start":{},"end":{}}],"line":21},"4":{"loc":{"start":{"line":21,"column":8},"end":{"line":21,"column":50}},"type":"binary-expr","locations":[{"start":{"line":21,"column":8},"end":{"line":21,"column":20}},{"start":{"line":21,"column":24},"end":{"line":21,"column":50}}],"line":21}},"s":{"0":4,"1":4,"2":1,"3":4,"4":4,"5":4,"6":1,"7":1,"8":1,"9":3,"10":2},"f":{"0":4,"1":1,"2":1,"3":3},"b":{"0":[0],"1":[1,3],"2":[1,3],"3":[2,1],"4":[3,3]},"_coverageSchema":"1a1c01bbd47fc00a2c39e90264f33305004495a9","hash":"09d8904dd579298f5a91297a0308439b119d8af3"}
,"/Users/madnerd/tul/src/utils/EventEmitter.js": {"path":"/Users/madnerd/tul/src/utils/EventEmitter.js","statementMap":{"0":{"start":{"line":3,"column":4},"end":{"line":3,"column":24}},"1":{"start":{"line":7,"column":4},"end":{"line":7,"column":60}},"2":{"start":{"line":7,"column":33},"end":{"line":7,"column":60}},"3":{"start":{"line":8,"column":4},"end":{"line":8,"column":41}},"4":{"start":{"line":12,"column":4},"end":{"line":12,"column":39}},"5":{"start":{"line":12,"column":33},"end":{"line":12,"column":39}},"6":{"start":{"line":13,"column":4},"end":{"line":13,"column":81}},"7":{"start":{"line":13,"column":65},"end":{"line":13,"column":80}},"8":{"start":{"line":17,"column":20},"end":{"line":20,"column":5}},"9":{"start":{"line":18,"column":6},"end":{"line":18,"column":30}},"10":{"start":{"line":19,"column":6},"end":{"line":19,"column":23}},"11":{"start":{"line":21,"column":4},"end":{"line":21,"column":27}},"12":{"start":{"line":25,"column":17},"end":{"line":25,"column":21}},"13":{"start":{"line":26,"column":4},"end":{"line":31,"column":5}},"14":{"start":{"line":27,"column":23},"end":{"line":27,"column":50}},"15":{"start":{"line":28,"column":6},"end":{"line":30,"column":7}},"16":{"start":{"line":29,"column":8},"end":{"line":29,"column":49}},"17":{"start":{"line":29,"column":35},"end":{"line":29,"column":49}},"18":{"start":{"line":32,"column":4},"end":{"line":32,"column":17}}},"fnMap":{"0":{"name":"(anonymous_0)","decl":{"start":{"line":2,"column":2},"end":{"line":2,"column":3}},"loc":{"start":{"line":2,"column":17},"end":{"line":4,"column":3}},"line":2},"1":{"name":"(anonymous_1)","decl":{"start":{"line":6,"column":2},"end":{"line":6,"column":3}},"loc":{"start":{"line":6,"column":23},"end":{"line":9,"column":3}},"line":6},"2":{"name":"(anonymous_2)","decl":{"start":{"line":11,"column":2},"end":{"line":11,"column":3}},"loc":{"start":{"line":11,"column":24},"end":{"line":14,"column":3}},"line":11},"3":{"name":"(anonymous_3)","decl":{"start":{"line":13,"column":59},"end":{"line":13,"column":60}},"loc":{"start":{"line":13,"column":65},"end":{"line":13,"column":80}},"line":13},"4":{"name":"(anonymous_4)","decl":{"start":{"line":16,"column":2},"end":{"line":16,"column":3}},"loc":{"start":{"line":16,"column":25},"end":{"line":22,"column":3}},"line":16},"5":{"name":"(anonymous_5)","decl":{"start":{"line":17,"column":20},"end":{"line":17,"column":21}},"loc":{"start":{"line":17,"column":33},"end":{"line":20,"column":5}},"line":17},"6":{"name":"(anonymous_6)","decl":{"start":{"line":24,"column":2},"end":{"line":24,"column":3}},"loc":{"start":{"line":24,"column":24},"end":{"line":33,"column":3}},"line":24}},"branchMap":{"0":{"loc":{"start":{"line":7,"column":4},"end":{"line":7,"column":60}},"type":"if","locations":[{"start":{"line":7,"column":4},"end":{"line":7,"column":60}},{"start":{},"end":{}}],"line":7},"1":{"loc":{"start":{"line":12,"column":4},"end":{"line":12,"column":39}},"type":"if","locations":[{"start":{"line":12,"column":4},"end":{"line":12,"column":39}},{"start":{},"end":{}}],"line":12},"2":{"loc":{"start":{"line":26,"column":4},"end":{"line":31,"column":5}},"type":"if","locations":[{"start":{"line":26,"column":4},"end":{"line":31,"column":5}},{"start":{},"end":{}}],"line":26},"3":{"loc":{"start":{"line":29,"column":8},"end":{"line":29,"column":49}},"type":"if","locations":[{"start":{"line":29,"column":8},"end":{"line":29,"column":49}},{"start":{},"end":{}}],"line":29}},"s":{"0":27,"1":0,"2":0,"3":0,"4":0,"5":0,"6":0,"7":0,"8":0,"9":0,"10":0,"11":0,"12":189,"13":189,"14":0,"15":0,"16":0,"17":0,"18":189},"f":{"0":27,"1":0,"2":0,"3":0,"4":0,"5":0,"6":189},"b":{"0":[0,0],"1":[0,0],"2":[0,189],"3":[0,0]},"_coverageSchema":"1a1c01bbd47fc00a2c39e90264f33305004495a9","hash":"d3529749d88a191d91965b03ba404676db2506ff"}
,"/Users/madnerd/tul/src/utils/Utils.js": {"path":"/Users/madnerd/tul/src/utils/Utils.js","statementMap":{"0":{"start":{"line":3,"column":15},"end":{"line":3,"column":42}},"1":{"start":{"line":4,"column":4},"end":{"line":4,"column":43}},"2":{"start":{"line":4,"column":19},"end":{"line":4,"column":43}},"3":{"start":{"line":5,"column":4},"end":{"line":5,"column":38}},"4":{"start":{"line":5,"column":16},"end":{"line":5,"column":38}},"5":{"start":{"line":6,"column":4},"end":{"line":6,"column":13}},"6":{"start":{"line":10,"column":4},"end":{"line":10,"column":50}},"7":{"start":{"line":14,"column":20},"end":{"line":14,"column":57}},"8":{"start":{"line":15,"column":20},"end":{"line":15,"column":66}},"9":{"start":{"line":16,"column":20},"end":{"line":16,"column":66}},"10":{"start":{"line":17,"column":17},"end":{"line":17,"column":45}},"11":{"start":{"line":19,"column":4},"end":{"line":26,"column":5}},"12":{"start":{"line":30,"column":4},"end":{"line":30,"column":72}},"13":{"start":{"line":30,"column":34},"end":{"line":30,"column":72}},"14":{"start":{"line":31,"column":4},"end":{"line":31,"column":69}},"15":{"start":{"line":31,"column":34},"end":{"line":31,"column":69}},"16":{"start":{"line":32,"column":18},"end":{"line":32,"column":51}},"17":{"start":{"line":33,"column":4},"end":{"line":36,"column":5}},"18":{"start":{"line":34,"column":18},"end":{"line":34,"column":34}},"19":{"start":{"line":35,"column":6},"end":{"line":35,"column":83}},"20":{"start":{"line":37,"column":4},"end":{"line":37,"column":66}},"21":{"start":{"line":41,"column":4},"end":{"line":41,"column":45}},"22":{"start":{"line":41,"column":34},"end":{"line":41,"column":45}},"23":{"start":{"line":42,"column":19},"end":{"line":42,"column":40}},"24":{"start":{"line":43,"column":4},"end":{"line":43,"column":49}},"25":{"start":{"line":43,"column":30},"end":{"line":43,"column":49}},"26":{"start":{"line":44,"column":4},"end":{"line":44,"column":70}},"27":{"start":{"line":44,"column":29},"end":{"line":44,"column":70}},"28":{"start":{"line":45,"column":4},"end":{"line":45,"column":75}},"29":{"start":{"line":45,"column":34},"end":{"line":45,"column":75}},"30":{"start":{"line":46,"column":4},"end":{"line":46,"column":23}}},"fnMap":{"0":{"name":"(anonymous_0)","decl":{"start":{"line":2,"column":2},"end":{"line":2,"column":3}},"loc":{"start":{"line":2,"column":48},"end":{"line":7,"column":3}},"line":2},"1":{"name":"(anonymous_1)","decl":{"start":{"line":9,"column":2},"end":{"line":9,"column":3}},"loc":{"start":{"line":9,"column":23},"end":{"line":11,"column":3}},"line":9},"2":{"name":"(anonymous_2)","decl":{"start":{"line":13,"column":2},"end":{"line":13,"column":3}},"loc":{"start":{"line":13,"column":36},"end":{"line":27,"column":3}},"line":13},"3":{"name":"(anonymous_3)","decl":{"start":{"line":29,"column":2},"end":{"line":29,"column":3}},"loc":{"start":{"line":29,"column":26},"end":{"line":38,"column":3}},"line":29},"4":{"name":"(anonymous_4)","decl":{"start":{"line":40,"column":2},"end":{"line":40,"column":3}},"loc":{"start":{"line":40,"column":45},"end":{"line":47,"column":3}},"line":40}},"branchMap":{"0":{"loc":{"start":{"line":4,"column":4},"end":{"line":4,"column":43}},"type":"if","locations":[{"start":{"line":4,"column":4},"end":{"line":4,"column":43}},{"start":{},"end":{}}],"line":4},"1":{"loc":{"start":{"line":5,"column":4},"end":{"line":5,"column":38}},"type":"if","locations":[{"start":{"line":5,"column":4},"end":{"line":5,"column":38}},{"start":{},"end":{}}],"line":5},"2":{"loc":{"start":{"line":14,"column":20},"end":{"line":14,"column":57}},"type":"binary-expr","locations":[{"start":{"line":14,"column":20},"end":{"line":14,"column":31}},{"start":{"line":14,"column":35},"end":{"line":14,"column":57}}],"line":14},"3":{"loc":{"start":{"line":15,"column":20},"end":{"line":15,"column":66}},"type":"cond-expr","locations":[{"start":{"line":15,"column":30},"end":{"line":15,"column":52}},{"start":{"line":15,"column":55},"end":{"line":15,"column":66}}],"line":15},"4":{"loc":{"start":{"line":16,"column":20},"end":{"line":16,"column":66}},"type":"cond-expr","locations":[{"start":{"line":16,"column":30},"end":{"line":16,"column":52}},{"start":{"line":16,"column":55},"end":{"line":16,"column":66}}],"line":16},"5":{"loc":{"start":{"line":30,"column":4},"end":{"line":30,"column":72}},"type":"if","locations":[{"start":{"line":30,"column":4},"end":{"line":30,"column":72}},{"start":{},"end":{}}],"line":30},"6":{"loc":{"start":{"line":31,"column":4},"end":{"line":31,"column":69}},"type":"if","locations":[{"start":{"line":31,"column":4},"end":{"line":31,"column":69}},{"start":{},"end":{}}],"line":31},"7":{"loc":{"start":{"line":33,"column":4},"end":{"line":36,"column":5}},"type":"if","locations":[{"start":{"line":33,"column":4},"end":{"line":36,"column":5}},{"start":{},"end":{}}],"line":33},"8":{"loc":{"start":{"line":35,"column":13},"end":{"line":35,"column":83}},"type":"cond-expr","locations":[{"start":{"line":35,"column":26},"end":{"line":35,"column":54}},{"start":{"line":35,"column":57},"end":{"line":35,"column":83}}],"line":35},"9":{"loc":{"start":{"line":37,"column":48},"end":{"line":37,"column":64}},"type":"binary-expr","locations":[{"start":{"line":37,"column":48},"end":{"line":37,"column":56}},{"start":{"line":37,"column":60},"end":{"line":37,"column":64}}],"line":37},"10":{"loc":{"start":{"line":41,"column":4},"end":{"line":41,"column":45}},"type":"if","locations":[{"start":{"line":41,"column":4},"end":{"line":41,"column":45}},{"start":{},"end":{}}],"line":41},"11":{"loc":{"start":{"line":43,"column":4},"end":{"line":43,"column":49}},"type":"if","locations":[{"start":{"line":43,"column":4},"end":{"line":43,"column":49}},{"start":{},"end":{}}],"line":43},"12":{"loc":{"start":{"line":44,"column":4},"end":{"line":44,"column":70}},"type":"if","locations":[{"start":{"line":44,"column":4},"end":{"line":44,"column":70}},{"start":{},"end":{}}],"line":44},"13":{"loc":{"start":{"line":45,"column":4},"end":{"line":45,"column":75}},"type":"if","locations":[{"start":{"line":45,"column":4},"end":{"line":45,"column":75}},{"start":{},"end":{}}],"line":45}},"s":{"0":158,"1":158,"2":158,"3":158,"4":158,"5":158,"6":4,"7":0,"8":0,"9":0,"10":0,"11":0,"12":0,"13":0,"14":0,"15":0,"16":0,"17":0,"18":0,"19":0,"20":0,"21":2,"22":2,"23":0,"24":0,"25":0,"26":0,"27":0,"28":0,"29":0,"30":0},"f":{"0":158,"1":4,"2":0,"3":0,"4":2},"b":{"0":[158,0],"1":[158,0],"2":[0,0],"3":[0,0],"4":[0,0],"5":[0,0],"6":[0,0],"7":[0,0],"8":[0,0],"9":[0,0],"10":[2,0],"11":[0,0],"12":[0,0],"13":[0,0]},"_coverageSchema":"1a1c01bbd47fc00a2c39e90264f33305004495a9","hash":"66decff5266199f737978881a996118310f84551"}
}
