TN:
SF:src/LayoutManager.js
FN:13,(anonymous_0)
FN:44,(anonymous_1)
FN:46,(anonymous_2)
FN:54,(anonymous_3)
FN:60,(anonymous_4)
FN:83,(anonymous_5)
FN:87,(anonymous_6)
FN:91,(anonymous_7)
FN:115,(anonymous_8)
FN:131,(anonymous_9)
FN:142,(anonymous_10)
FN:149,(anonymous_11)
FN:160,(anonymous_12)
FN:179,(anonymous_13)
FN:183,(anonymous_14)
FN:194,(anonymous_15)
FN:220,(anonymous_16)
FN:227,(anonymous_17)
FN:238,(anonymous_18)
FN:282,(anonymous_19)
FN:287,(anonymous_20)
FN:303,(anonymous_21)
FN:331,(anonymous_22)
FN:332,(anonymous_23)
FN:335,(anonymous_24)
FN:336,(anonymous_25)
FN:339,(anonymous_26)
FN:340,(anonymous_27)
FN:343,(anonymous_28)
FN:345,(anonymous_29)
FN:351,(anonymous_30)
FN:362,(anonymous_31)
FN:370,(anonymous_32)
FN:382,(anonymous_33)
FN:386,(anonymous_34)
FN:398,(anonymous_35)
FN:409,(anonymous_36)
FN:417,(anonymous_37)
FN:425,(anonymous_38)
FNF:39
FNH:14
FNDA:8,(anonymous_0)
FNDA:0,(anonymous_1)
FNDA:0,(anonymous_2)
FNDA:1,(anonymous_3)
FNDA:8,(anonymous_4)
FNDA:0,(anonymous_5)
FNDA:0,(anonymous_6)
FNDA:6,(anonymous_7)
FNDA:19,(anonymous_8)
FNDA:13,(anonymous_9)
FNDA:0,(anonymous_10)
FNDA:1,(anonymous_11)
FNDA:0,(anonymous_12)
FNDA:0,(anonymous_13)
FNDA:0,(anonymous_14)
FNDA:0,(anonymous_15)
FNDA:0,(anonymous_16)
FNDA:0,(anonymous_17)
FNDA:1,(anonymous_18)
FNDA:0,(anonymous_19)
FNDA:1,(anonymous_20)
FNDA:0,(anonymous_21)
FNDA:0,(anonymous_22)
FNDA:0,(anonymous_23)
FNDA:9,(anonymous_24)
FNDA:16,(anonymous_25)
FNDA:8,(anonymous_26)
FNDA:14,(anonymous_27)
FNDA:0,(anonymous_28)
FNDA:0,(anonymous_29)
FNDA:0,(anonymous_30)
FNDA:0,(anonymous_31)
FNDA:31,(anonymous_32)
FNDA:0,(anonymous_33)
FNDA:0,(anonymous_34)
FNDA:0,(anonymous_35)
FNDA:0,(anonymous_36)
FNDA:0,(anonymous_37)
FNDA:0,(anonymous_38)
DA:14,8
DA:15,8
DA:16,8
DA:17,8
DA:18,8
DA:26,8
DA:29,8
DA:31,8
DA:33,8
DA:36,8
DA:38,8
DA:39,0
DA:43,8
DA:44,8
DA:45,0
DA:46,0
DA:47,0
DA:50,8
DA:53,8
DA:54,8
DA:55,1
DA:57,8
DA:61,8
DA:62,8
DA:63,8
DA:65,8
DA:66,8
DA:68,8
DA:69,8
DA:70,8
DA:72,8
DA:73,8
DA:75,8
DA:76,8
DA:78,8
DA:79,0
DA:84,0
DA:88,0
DA:92,6
DA:95,6
DA:96,0
DA:99,6
DA:100,6
DA:101,0
DA:103,6
DA:104,0
DA:105,0
DA:106,0
DA:110,6
DA:111,6
DA:112,6
DA:116,19
DA:119,19
DA:120,2
DA:121,17
DA:122,0
DA:123,17
DA:124,8
DA:125,9
DA:126,9
DA:130,10
DA:131,10
DA:132,13
DA:133,13
DA:134,13
DA:139,10
DA:143,0
DA:144,0
DA:146,0
DA:150,1
DA:151,0
DA:152,0
DA:154,0
DA:156,0
DA:157,0
DA:158,0
DA:159,0
DA:160,0
DA:161,0
DA:163,0
DA:164,0
DA:165,0
DA:166,0
DA:167,0
DA:171,1
DA:172,0
DA:173,0
DA:174,0
DA:184,0
DA:185,0
DA:187,0
DA:188,0
DA:189,0
DA:191,0
DA:192,0
DA:194,0
DA:195,0
DA:196,0
DA:197,0
DA:198,0
DA:200,0
DA:201,0
DA:202,0
DA:203,0
DA:204,0
DA:206,0
DA:207,0
DA:208,0
DA:209,0
DA:210,0
DA:215,0
DA:216,0
DA:221,0
DA:222,0
DA:224,0
DA:228,0
DA:239,1
DA:240,1
DA:241,0
DA:244,1
DA:245,1
DA:248,1
DA:249,1
DA:250,1
DA:251,1
DA:253,1
DA:257,0
DA:260,0
DA:261,0
DA:262,0
DA:264,0
DA:265,0
DA:267,0
DA:268,0
DA:269,0
DA:270,0
DA:273,0
DA:274,0
DA:275,0
DA:276,0
DA:277,0
DA:283,0
DA:284,0
DA:288,1
DA:289,1
DA:304,0
DA:306,0
DA:307,0
DA:308,0
DA:309,0
DA:310,0
DA:311,0
DA:312,0
DA:317,0
DA:319,0
DA:320,0
DA:321,0
DA:322,0
DA:323,0
DA:324,0
DA:332,0
DA:336,16
DA:340,14
DA:344,0
DA:345,0
DA:346,0
DA:348,0
DA:352,0
DA:353,0
DA:354,0
DA:356,0
DA:357,0
DA:358,0
DA:359,0
DA:363,0
DA:364,0
DA:365,0
DA:367,0
DA:371,31
DA:372,30
DA:373,15
DA:374,15
DA:375,14
DA:376,14
DA:379,6
DA:383,0
DA:384,0
DA:385,0
DA:386,0
DA:399,0
DA:400,0
DA:401,0
DA:403,0
DA:410,0
DA:418,0
DA:426,0
LF:196
LH:75
BRDA:13,0,0,4
BRDA:23,1,0,0
BRDA:23,1,1,8
BRDA:23,2,0,8
BRDA:23,2,1,0
BRDA:38,3,0,0
BRDA:38,3,1,8
BRDA:62,4,0,8
BRDA:62,4,1,0
BRDA:65,5,0,8
BRDA:65,5,1,0
BRDA:68,6,0,5
BRDA:68,6,1,3
BRDA:69,7,0,8
BRDA:69,7,1,0
BRDA:69,8,0,8
BRDA:69,8,1,8
BRDA:72,9,0,8
BRDA:72,9,1,0
BRDA:72,10,0,8
BRDA:72,10,1,8
BRDA:75,11,0,8
BRDA:75,11,1,0
BRDA:78,12,0,0
BRDA:78,12,1,8
BRDA:92,13,0,0
BRDA:92,13,1,6
BRDA:95,14,0,0
BRDA:95,14,1,6
BRDA:95,15,0,6
BRDA:95,15,1,6
BRDA:100,16,0,0
BRDA:100,16,1,6
BRDA:103,17,0,0
BRDA:103,17,1,6
BRDA:103,18,0,6
BRDA:103,18,1,6
BRDA:103,18,2,6
BRDA:116,19,0,0
BRDA:116,19,1,19
BRDA:119,20,0,2
BRDA:119,20,1,17
BRDA:121,21,0,0
BRDA:121,21,1,17
BRDA:123,22,0,8
BRDA:123,22,1,9
BRDA:125,23,0,9
BRDA:125,23,1,0
BRDA:130,24,0,10
BRDA:130,24,1,0
BRDA:130,25,0,10
BRDA:130,25,1,10
BRDA:130,25,2,10
BRDA:133,26,0,13
BRDA:133,26,1,0
BRDA:143,27,0,0
BRDA:143,27,1,0
BRDA:150,28,0,0
BRDA:150,28,1,1
BRDA:150,29,0,1
BRDA:150,29,1,1
BRDA:151,30,0,0
BRDA:151,30,1,0
BRDA:156,31,0,0
BRDA:156,31,1,0
BRDA:158,32,0,0
BRDA:158,32,1,0
BRDA:161,33,0,0
BRDA:161,33,1,0
BRDA:163,34,0,0
BRDA:163,34,1,0
BRDA:163,35,0,0
BRDA:163,35,1,0
BRDA:171,36,0,0
BRDA:171,36,1,1
BRDA:172,37,0,0
BRDA:172,37,1,0
BRDA:184,38,0,0
BRDA:184,38,1,0
BRDA:184,39,0,0
BRDA:184,39,1,0
BRDA:195,40,0,0
BRDA:195,40,1,0
BRDA:201,41,0,0
BRDA:201,41,1,0
BRDA:201,42,0,0
BRDA:201,42,1,0
BRDA:202,43,0,0
BRDA:202,43,1,0
BRDA:202,44,0,0
BRDA:202,44,1,0
BRDA:203,45,0,0
BRDA:203,45,1,0
BRDA:203,46,0,0
BRDA:203,46,1,0
BRDA:204,47,0,0
BRDA:204,47,1,0
BRDA:204,48,0,0
BRDA:204,48,1,0
BRDA:206,49,0,0
BRDA:206,49,1,0
BRDA:208,50,0,0
BRDA:208,50,1,0
BRDA:215,51,0,0
BRDA:215,51,1,0
BRDA:221,52,0,0
BRDA:221,52,1,0
BRDA:233,53,0,0
BRDA:233,53,1,0
BRDA:239,54,0,0
BRDA:239,54,1,1
BRDA:239,55,0,1
BRDA:239,55,1,1
BRDA:240,56,0,0
BRDA:240,56,1,1
BRDA:245,57,0,1
BRDA:245,57,1,0
BRDA:248,58,0,1
BRDA:248,58,1,0
BRDA:248,59,0,1
BRDA:248,59,1,1
BRDA:260,60,0,0
BRDA:260,60,1,0
BRDA:262,61,0,0
BRDA:262,61,1,0
BRDA:262,62,0,0
BRDA:262,62,1,0
BRDA:267,63,0,0
BRDA:267,63,1,0
BRDA:282,64,0,0
BRDA:288,65,0,0
BRDA:288,65,1,1
BRDA:304,66,0,0
BRDA:304,66,1,0
BRDA:306,67,0,0
BRDA:306,67,1,0
BRDA:306,68,0,0
BRDA:306,68,1,0
BRDA:308,69,0,0
BRDA:308,69,1,0
BRDA:310,70,0,0
BRDA:310,70,1,0
BRDA:310,71,0,0
BRDA:310,71,1,0
BRDA:319,72,0,0
BRDA:319,72,1,0
BRDA:319,73,0,0
BRDA:319,73,1,0
BRDA:319,73,2,0
BRDA:322,74,0,0
BRDA:322,74,1,0
BRDA:322,75,0,0
BRDA:322,75,1,0
BRDA:322,75,2,0
BRDA:332,76,0,0
BRDA:332,76,1,0
BRDA:336,77,0,16
BRDA:336,77,1,10
BRDA:346,78,0,0
BRDA:346,78,1,0
BRDA:352,79,0,0
BRDA:352,79,1,0
BRDA:353,80,0,0
BRDA:353,80,1,0
BRDA:364,81,0,0
BRDA:364,81,1,0
BRDA:371,82,0,1
BRDA:371,82,1,30
BRDA:372,83,0,15
BRDA:372,83,1,15
BRDA:373,84,0,15
BRDA:373,84,1,0
BRDA:376,85,0,9
BRDA:376,85,1,5
BRDA:383,86,0,0
BRDA:383,86,1,0
BRDA:385,87,0,0
BRDA:385,87,1,0
BRDA:399,88,0,0
BRDA:399,88,1,0
BRF:180
BRH:59
end_of_record
TN:
SF:src/core/ComponentItem.js
FN:4,(anonymous_0)
FN:10,(anonymous_1)
FN:18,(anonymous_2)
FN:29,(anonymous_3)
FN:55,(anonymous_4)
FN:60,(anonymous_5)
FN:64,(anonymous_6)
FN:73,(anonymous_7)
FNF:8
FNH:4
FNDA:9,(anonymous_0)
FNDA:9,(anonymous_1)
FNDA:9,(anonymous_2)
FNDA:0,(anonymous_3)
FNDA:0,(anonymous_4)
FNDA:0,(anonymous_5)
FNDA:0,(anonymous_6)
FNDA:18,(anonymous_7)
DA:5,9
DA:6,9
DA:7,9
DA:11,9
DA:12,9
DA:13,9
DA:14,9
DA:15,9
DA:19,9
DA:20,9
DA:22,9
DA:24,9
DA:25,0
DA:26,0
DA:28,0
DA:30,0
DA:34,0
DA:35,0
DA:36,0
DA:37,0
DA:39,0
DA:41,0
DA:44,0
DA:45,0
DA:47,0
DA:49,0
DA:50,0
DA:56,0
DA:57,0
DA:61,0
DA:65,0
DA:66,0
DA:67,0
DA:68,0
DA:69,0
DA:70,0
DA:74,18
DA:75,0
DA:77,18
DA:78,18
LF:40
LH:15
BRDA:14,0,0,9
BRDA:14,0,1,0
BRDA:19,1,0,0
BRDA:19,1,1,9
BRDA:24,2,0,0
BRDA:24,2,1,9
BRDA:28,3,0,0
BRDA:28,3,1,0
BRDA:28,3,2,0
BRDA:34,4,0,0
BRDA:34,4,1,0
BRDA:39,5,0,0
BRDA:39,5,1,0
BRDA:39,6,0,0
BRDA:39,6,1,0
BRDA:44,7,0,0
BRDA:44,7,1,0
BRDA:69,8,0,0
BRDA:69,8,1,0
BRDA:74,9,0,0
BRDA:74,9,1,18
BRDA:74,10,0,18
BRDA:74,10,1,0
BRF:23
BRH:5
end_of_record
TN:
SF:src/core/ContainerItem.js
FN:5,(anonymous_0)
FN:11,(anonymous_1)
FN:17,(anonymous_2)
FN:23,(anonymous_3)
FN:25,(anonymous_4)
FN:32,(anonymous_5)
FN:34,(anonymous_6)
FN:38,(anonymous_7)
FN:43,(anonymous_8)
FN:47,(anonymous_9)
FN:51,(anonymous_10)
FN:58,(anonymous_11)
FN:60,(anonymous_12)
FN:63,(anonymous_13)
FN:66,(anonymous_14)
FN:68,(anonymous_15)
FN:76,(anonymous_16)
FN:88,(anonymous_17)
FN:100,(anonymous_18)
FN:126,(anonymous_19)
FN:136,(anonymous_20)
FN:146,(anonymous_21)
FN:152,(anonymous_22)
FN:159,(anonymous_23)
FNF:24
FNH:17
FNDA:2,(anonymous_0)
FNDA:2,(anonymous_1)
FNDA:0,(anonymous_2)
FNDA:6,(anonymous_3)
FNDA:6,(anonymous_4)
FNDA:0,(anonymous_5)
FNDA:0,(anonymous_6)
FNDA:2,(anonymous_7)
FNDA:4,(anonymous_8)
FNDA:0,(anonymous_9)
FNDA:0,(anonymous_10)
FNDA:6,(anonymous_11)
FNDA:6,(anonymous_12)
FNDA:6,(anonymous_13)
FNDA:0,(anonymous_14)
FNDA:2,(anonymous_15)
FNDA:6,(anonymous_16)
FNDA:6,(anonymous_17)
FNDA:6,(anonymous_18)
FNDA:2,(anonymous_19)
FNDA:6,(anonymous_20)
FNDA:6,(anonymous_21)
FNDA:2,(anonymous_22)
FNDA:0,(anonymous_23)
DA:6,2
DA:7,2
DA:8,2
DA:13,2
DA:14,2
DA:15,4
DA:17,2
DA:18,2
DA:19,2
DA:20,2
DA:24,6
DA:25,6
DA:26,6
DA:27,6
DA:33,0
DA:34,0
DA:35,0
DA:39,2
DA:40,2
DA:59,6
DA:60,6
DA:61,4
DA:63,6
DA:64,4
DA:65,0
DA:66,0
DA:67,4
DA:68,2
DA:77,6
DA:78,0
DA:79,0
DA:81,0
DA:89,6
DA:92,6
DA:93,6
DA:94,2
DA:97,6
DA:98,6
DA:100,6
DA:101,6
DA:103,6
DA:104,2
DA:105,2
DA:107,2
DA:109,0
DA:110,0
DA:111,0
DA:112,0
DA:118,2
DA:119,2
DA:120,2
DA:126,6
DA:129,6
DA:130,6
DA:132,6
DA:133,6
DA:137,6
DA:139,6
DA:141,6
DA:142,6
DA:146,6
DA:147,6
DA:153,2
DA:154,2
DA:160,0
DA:161,0
LF:66
LH:52
BRDA:15,0,0,0
BRDA:15,0,1,4
BRDA:26,1,0,6
BRDA:26,1,1,0
BRDA:40,2,0,2
BRDA:40,2,1,0
BRDA:59,3,0,2
BRDA:59,3,1,4
BRDA:61,4,0,0
BRDA:61,4,1,4
BRDA:63,5,0,6
BRDA:63,5,1,0
BRDA:64,6,0,0
BRDA:64,6,1,4
BRDA:67,7,0,2
BRDA:67,7,1,2
BRDA:77,8,0,6
BRDA:77,8,1,0
BRDA:79,9,0,0
BRDA:79,9,1,0
BRDA:103,10,0,2
BRDA:103,10,1,4
BRDA:107,11,0,0
BRDA:107,11,1,2
BRDA:141,12,0,6
BRDA:141,12,1,0
BRF:26
BRH:15
end_of_record
TN:
SF:src/core/ContentItem.js
FN:5,(anonymous_0)
FN:26,(anonymous_1)
FN:28,(anonymous_2)
FN:41,(anonymous_3)
FN:63,(anonymous_4)
FN:76,(anonymous_5)
FN:95,(anonymous_6)
FN:96,(anonymous_7)
FN:97,(anonymous_8)
FN:99,(anonymous_9)
FN:101,(anonymous_10)
FN:107,(anonymous_11)
FN:113,(anonymous_12)
FN:141,(anonymous_13)
FN:169,(anonymous_14)
FN:178,(anonymous_15)
FNF:16
FNH:6
FNDA:19,(anonymous_0)
FNDA:0,(anonymous_1)
FNDA:13,(anonymous_2)
FNDA:13,(anonymous_3)
FNDA:0,(anonymous_4)
FNDA:0,(anonymous_5)
FNDA:0,(anonymous_6)
FNDA:0,(anonymous_7)
FNDA:0,(anonymous_8)
FNDA:0,(anonymous_9)
FNDA:2,(anonymous_10)
FNDA:0,(anonymous_11)
FNDA:35,(anonymous_12)
FNDA:31,(anonymous_13)
FNDA:0,(anonymous_14)
FNDA:0,(anonymous_15)
DA:6,19
DA:7,19
DA:8,19
DA:9,19
DA:10,19
DA:11,19
DA:12,19
DA:13,19
DA:14,19
DA:15,19
DA:17,19
DA:18,19
DA:20,19
DA:21,19
DA:22,19
DA:29,13
DA:30,13
DA:31,0
DA:33,13
DA:35,13
DA:36,13
DA:37,0
DA:42,13
DA:43,13
DA:45,13
DA:47,13
DA:48,13
DA:51,13
DA:53,13
DA:54,13
DA:55,13
DA:56,13
DA:58,13
DA:60,0
DA:64,0
DA:65,0
DA:66,0
DA:67,0
DA:68,0
DA:77,0
DA:78,0
DA:79,0
DA:80,0
DA:82,0
DA:83,0
DA:85,0
DA:86,0
DA:87,0
DA:88,0
DA:90,0
DA:92,0
DA:102,2
DA:103,2
DA:104,2
DA:108,0
DA:109,0
DA:110,0
DA:114,35
DA:115,35
DA:117,35
DA:118,35
DA:119,35
DA:120,20
DA:121,20
DA:122,20
DA:123,15
DA:124,0
DA:125,0
DA:126,0
DA:127,0
DA:128,0
DA:130,0
DA:131,0
DA:134,15
DA:135,15
DA:136,15
DA:138,35
DA:142,31
DA:144,31
DA:145,0
DA:146,0
DA:148,31
DA:149,7
DA:150,7
DA:152,31
DA:153,31
DA:154,31
DA:155,7
DA:158,31
DA:159,13
DA:160,0
DA:162,13
DA:163,18
DA:164,18
DA:166,31
DA:170,0
DA:176,0
DA:177,0
DA:178,0
DA:180,0
LF:100
LH:62
BRDA:7,0,0,19
BRDA:7,0,1,0
BRDA:12,1,0,19
BRDA:12,1,1,15
BRDA:13,2,0,19
BRDA:13,2,1,19
BRDA:14,3,0,19
BRDA:14,3,1,19
BRDA:15,4,0,19
BRDA:15,4,1,4
BRDA:21,5,0,19
BRDA:21,5,1,0
BRDA:28,6,0,0
BRDA:30,7,0,0
BRDA:30,7,1,13
BRDA:36,8,0,0
BRDA:36,8,1,13
BRDA:43,9,0,13
BRDA:43,9,1,0
BRDA:45,10,0,0
BRDA:45,10,1,13
BRDA:55,11,0,13
BRDA:55,11,1,0
BRDA:78,12,0,0
BRDA:78,12,1,0
BRDA:82,13,0,0
BRDA:82,13,1,0
BRDA:82,14,0,0
BRDA:82,14,1,0
BRDA:87,15,0,0
BRDA:87,15,1,0
BRDA:102,16,0,0
BRDA:102,16,1,2
BRDA:103,17,0,2
BRDA:103,17,1,0
BRDA:103,18,0,0
BRDA:103,18,1,0
BRDA:108,19,0,0
BRDA:108,19,1,0
BRDA:109,20,0,0
BRDA:109,20,1,0
BRDA:109,21,0,0
BRDA:109,21,1,0
BRDA:114,22,0,0
BRDA:114,22,1,35
BRDA:117,23,0,0
BRDA:117,23,1,35
BRDA:117,24,0,35
BRDA:117,24,1,0
BRDA:118,25,0,0
BRDA:118,25,1,35
BRDA:118,26,0,35
BRDA:118,26,1,0
BRDA:119,27,0,20
BRDA:119,27,1,15
BRDA:123,28,0,0
BRDA:123,28,1,15
BRDA:125,29,0,0
BRDA:125,29,1,0
BRDA:126,30,0,0
BRDA:126,30,1,0
BRDA:142,31,0,0
BRDA:142,31,1,31
BRDA:144,32,0,0
BRDA:144,32,1,31
BRDA:148,33,0,7
BRDA:148,33,1,24
BRDA:155,34,0,0
BRDA:155,34,1,7
BRDA:158,35,0,13
BRDA:158,35,1,18
BRDA:159,36,0,0
BRDA:159,36,1,13
BRDA:159,37,0,13
BRDA:159,37,1,0
BRDA:163,38,0,18
BRDA:163,38,1,0
BRDA:163,39,0,18
BRDA:163,39,1,18
BRDA:176,40,0,0
BRDA:176,40,1,0
BRDA:177,41,0,0
BRDA:177,41,1,0
BRF:83
BRH:37
end_of_record
TN:
SF:src/core/StackItem.js
FN:5,(anonymous_0)
FN:16,(anonymous_1)
FN:38,(anonymous_2)
FN:60,(anonymous_3)
FN:69,(anonymous_4)
FN:79,(anonymous_5)
FN:86,(anonymous_6)
FN:100,(anonymous_7)
FN:103,(anonymous_8)
FN:109,(anonymous_9)
FN:110,(anonymous_10)
FN:118,(anonymous_11)
FN:126,(anonymous_12)
FN:145,(anonymous_13)
FN:151,(anonymous_14)
FN:158,(anonymous_15)
FN:168,(anonymous_16)
FN:177,(anonymous_17)
FN:184,(anonymous_18)
FN:187,(anonymous_19)
FN:194,(anonymous_20)
FN:197,(anonymous_21)
FN:208,(anonymous_22)
FN:220,(anonymous_23)
FN:249,(anonymous_24)
FN:256,(anonymous_25)
FN:263,(anonymous_26)
FN:270,(anonymous_27)
FN:281,(anonymous_28)
FN:302,(anonymous_29)
FN:324,(anonymous_30)
FN:338,(anonymous_31)
FN:344,(anonymous_32)
FN:380,(anonymous_33)
FN:382,(anonymous_34)
FN:385,(anonymous_35)
FN:396,(anonymous_36)
FN:410,(anonymous_37)
FN:419,(anonymous_38)
FN:429,(anonymous_39)
FN:458,(anonymous_40)
FN:461,(anonymous_41)
FN:489,(anonymous_42)
FN:510,(anonymous_43)
FN:516,(anonymous_44)
FN:531,(anonymous_45)
FN:545,(anonymous_46)
FN:546,(anonymous_47)
FN:555,(anonymous_48)
FN:572,(anonymous_49)
FNF:50
FNH:13
FNDA:8,(anonymous_0)
FNDA:8,(anonymous_1)
FNDA:0,(anonymous_2)
FNDA:0,(anonymous_3)
FNDA:0,(anonymous_4)
FNDA:0,(anonymous_5)
FNDA:0,(anonymous_6)
FNDA:0,(anonymous_7)
FNDA:0,(anonymous_8)
FNDA:0,(anonymous_9)
FNDA:0,(anonymous_10)
FNDA:11,(anonymous_11)
FNDA:9,(anonymous_12)
FNDA:9,(anonymous_13)
FNDA:0,(anonymous_14)
FNDA:0,(anonymous_15)
FNDA:0,(anonymous_16)
FNDA:19,(anonymous_17)
FNDA:0,(anonymous_18)
FNDA:0,(anonymous_19)
FNDA:19,(anonymous_20)
FNDA:12,(anonymous_21)
FNDA:0,(anonymous_22)
FNDA:0,(anonymous_23)
FNDA:0,(anonymous_24)
FNDA:0,(anonymous_25)
FNDA:0,(anonymous_26)
FNDA:0,(anonymous_27)
FNDA:19,(anonymous_28)
FNDA:0,(anonymous_29)
FNDA:0,(anonymous_30)
FNDA:0,(anonymous_31)
FNDA:0,(anonymous_32)
FNDA:0,(anonymous_33)
FNDA:0,(anonymous_34)
FNDA:0,(anonymous_35)
FNDA:0,(anonymous_36)
FNDA:0,(anonymous_37)
FNDA:0,(anonymous_38)
FNDA:0,(anonymous_39)
FNDA:19,(anonymous_40)
FNDA:12,(anonymous_41)
FNDA:29,(anonymous_42)
FNDA:22,(anonymous_43)
FNDA:0,(anonymous_44)
FNDA:0,(anonymous_45)
FNDA:0,(anonymous_46)
FNDA:0,(anonymous_47)
FNDA:0,(anonymous_48)
FNDA:0,(anonymous_49)
DA:6,8
DA:7,8
DA:8,8
DA:9,8
DA:10,8
DA:12,8
DA:13,8
DA:17,8
DA:18,8
DA:19,8
DA:22,8
DA:23,8
DA:24,8
DA:25,8
DA:26,8
DA:28,8
DA:29,8
DA:30,8
DA:31,8
DA:32,8
DA:34,8
DA:35,0
DA:38,8
DA:39,0
DA:42,8
DA:43,8
DA:44,8
DA:45,8
DA:47,8
DA:48,8
DA:49,8
DA:50,8
DA:51,8
DA:53,8
DA:54,8
DA:56,8
DA:57,4
DA:58,4
DA:59,4
DA:60,4
DA:61,0
DA:62,0
DA:66,8
DA:67,8
DA:68,8
DA:69,8
DA:70,0
DA:71,0
DA:76,8
DA:77,8
DA:78,8
DA:79,8
DA:83,8
DA:84,8
DA:85,8
DA:86,8
DA:87,0
DA:88,0
DA:89,0
DA:95,8
DA:96,8
DA:97,8
DA:99,8
DA:100,0
DA:101,0
DA:103,0
DA:104,0
DA:108,8
DA:109,0
DA:110,0
DA:111,0
DA:114,0
DA:119,11
DA:120,0
DA:122,11
DA:123,11
DA:127,9
DA:129,9
DA:130,9
DA:131,8
DA:132,1
DA:133,1
DA:134,0
DA:135,0
DA:140,9
DA:142,0
DA:146,9
DA:147,9
DA:148,9
DA:152,0
DA:153,0
DA:154,0
DA:155,0
DA:156,0
DA:158,0
DA:159,0
DA:160,0
DA:161,0
DA:169,0
DA:170,0
DA:172,0
DA:173,0
DA:178,19
DA:179,19
DA:180,19
DA:181,19
DA:185,0
DA:186,0
DA:187,0
DA:188,0
DA:189,0
DA:190,0
DA:195,19
DA:196,19
DA:197,19
DA:198,12
DA:199,12
DA:201,12
DA:202,12
DA:203,12
DA:204,12
DA:205,12
DA:206,10
DA:207,10
DA:208,10
DA:209,0
DA:210,0
DA:214,12
DA:215,12
DA:216,12
DA:217,12
DA:220,12
DA:221,0
DA:222,0
DA:223,0
DA:224,0
DA:225,0
DA:226,0
DA:227,0
DA:228,0
DA:229,0
DA:230,0
DA:231,0
DA:232,0
DA:233,0
DA:234,0
DA:235,0
DA:236,0
DA:237,0
DA:238,0
DA:239,0
DA:240,0
DA:242,0
DA:243,0
DA:244,0
DA:249,12
DA:250,0
DA:251,0
DA:256,12
DA:257,0
DA:258,0
DA:263,12
DA:264,0
DA:265,0
DA:266,0
DA:270,12
DA:271,0
DA:272,0
DA:276,12
DA:277,12
DA:282,19
DA:284,19
DA:285,19
DA:287,19
DA:288,0
DA:290,19
DA:293,19
DA:294,0
DA:295,0
DA:296,0
DA:297,0
DA:299,0
DA:300,0
DA:302,0
DA:303,0
DA:304,0
DA:305,0
DA:306,0
DA:307,0
DA:309,0
DA:312,0
DA:314,0
DA:316,19
DA:317,19
DA:321,19
DA:322,19
DA:323,0
DA:324,0
DA:325,0
DA:326,0
DA:327,0
DA:328,0
DA:329,0
DA:331,0
DA:334,19
DA:339,0
DA:340,0
DA:345,0
DA:346,0
DA:347,0
DA:349,0
DA:350,0
DA:351,0
DA:352,0
DA:354,0
DA:355,0
DA:356,0
DA:357,0
DA:358,0
DA:359,0
DA:360,0
DA:361,0
DA:362,0
DA:363,0
DA:364,0
DA:365,0
DA:366,0
DA:367,0
DA:368,0
DA:369,0
DA:372,0
DA:373,0
DA:374,0
DA:375,0
DA:376,0
DA:381,0
DA:382,0
DA:383,0
DA:384,0
DA:385,0
DA:386,0
DA:387,0
DA:388,0
DA:389,0
DA:391,0
DA:392,0
DA:397,0
DA:398,0
DA:399,0
DA:401,0
DA:402,0
DA:404,0
DA:405,0
DA:407,0
DA:409,0
DA:410,0
DA:411,0
DA:412,0
DA:413,0
DA:418,0
DA:419,0
DA:420,0
DA:425,0
DA:426,0
DA:430,0
DA:431,0
DA:432,0
DA:433,0
DA:435,0
DA:436,0
DA:437,0
DA:439,0
DA:441,0
DA:443,0
DA:444,0
DA:445,0
DA:446,0
DA:450,0
DA:451,0
DA:452,0
DA:453,0
DA:459,19
DA:461,19
DA:462,12
DA:463,12
DA:465,12
DA:466,10
DA:468,2
DA:471,12
DA:472,9
DA:473,9
DA:474,8
DA:475,8
DA:476,8
DA:478,1
DA:481,12
DA:482,0
DA:483,0
DA:484,0
DA:490,29
DA:492,29
DA:493,0
DA:494,0
DA:495,0
DA:496,0
DA:497,0
DA:499,0
DA:500,0
DA:503,29
DA:504,29
DA:507,29
DA:510,29
DA:511,22
DA:512,20
DA:517,0
DA:518,0
DA:520,0
DA:521,0
DA:522,0
DA:524,0
DA:525,0
DA:527,0
DA:528,0
DA:532,0
DA:533,0
DA:535,0
DA:536,0
DA:537,0
DA:538,0
DA:540,0
DA:541,0
DA:546,0
DA:547,0
DA:548,0
DA:550,0
DA:551,0
DA:556,0
DA:557,0
DA:558,0
DA:559,0
DA:561,0
DA:562,0
DA:564,0
DA:565,0
DA:567,0
DA:568,0
DA:569,0
DA:570,0
DA:571,0
DA:572,0
DA:573,0
LF:351
LH:130
BRDA:17,0,0,8
BRDA:17,0,1,8
BRDA:30,1,0,0
BRDA:30,1,1,8
BRDA:31,2,0,0
BRDA:31,2,1,8
BRDA:32,3,0,0
BRDA:32,3,1,8
BRDA:34,4,0,0
BRDA:34,4,1,8
BRDA:34,5,0,8
BRDA:34,5,1,8
BRDA:48,6,0,8
BRDA:48,6,1,8
BRDA:48,6,2,8
BRDA:49,7,0,8
BRDA:49,7,1,8
BRDA:50,8,0,8
BRDA:50,8,1,8
BRDA:51,9,0,8
BRDA:51,9,1,8
BRDA:53,10,0,8
BRDA:53,10,1,0
BRDA:53,11,0,8
BRDA:53,11,1,0
BRDA:53,11,2,0
BRDA:53,11,3,0
BRDA:56,12,0,4
BRDA:56,12,1,4
BRDA:66,13,0,8
BRDA:66,13,1,0
BRDA:76,14,0,8
BRDA:76,14,1,0
BRDA:83,15,0,8
BRDA:83,15,1,0
BRDA:88,16,0,0
BRDA:88,16,1,0
BRDA:99,17,0,0
BRDA:99,17,1,8
BRDA:101,18,0,0
BRDA:101,18,1,0
BRDA:104,19,0,0
BRDA:104,19,1,0
BRDA:108,20,0,0
BRDA:108,20,1,8
BRDA:111,21,0,0
BRDA:111,21,1,0
BRDA:111,22,0,0
BRDA:111,22,1,0
BRDA:119,23,0,0
BRDA:119,23,1,11
BRDA:129,24,0,9
BRDA:129,24,1,0
BRDA:130,25,0,8
BRDA:130,25,1,1
BRDA:132,26,0,1
BRDA:132,26,1,0
BRDA:134,27,0,0
BRDA:134,27,1,0
BRDA:148,28,0,0
BRDA:148,28,1,9
BRDA:151,29,0,0
BRDA:153,30,0,0
BRDA:153,30,1,0
BRDA:154,31,0,0
BRDA:154,31,1,0
BRDA:156,32,0,0
BRDA:156,32,1,0
BRDA:156,33,0,0
BRDA:156,33,1,0
BRDA:160,34,0,0
BRDA:160,34,1,0
BRDA:169,35,0,0
BRDA:169,35,1,0
BRDA:169,36,0,0
BRDA:169,36,1,0
BRDA:172,37,0,0
BRDA:172,37,1,0
BRDA:185,38,0,0
BRDA:185,38,1,0
BRDA:185,39,0,0
BRDA:185,39,1,0
BRDA:189,40,0,0
BRDA:189,40,1,0
BRDA:190,41,0,0
BRDA:190,41,1,0
BRDA:195,42,0,0
BRDA:195,42,1,19
BRDA:199,43,0,10
BRDA:199,43,1,2
BRDA:202,44,0,12
BRDA:202,44,1,0
BRDA:202,44,2,0
BRDA:205,45,0,10
BRDA:205,45,1,2
BRDA:215,46,0,10
BRDA:215,46,1,2
BRDA:217,47,0,10
BRDA:217,47,1,2
BRDA:221,48,0,0
BRDA:221,48,1,0
BRDA:221,49,0,0
BRDA:221,49,1,0
BRDA:221,49,2,0
BRDA:222,50,0,0
BRDA:222,50,1,0
BRDA:222,51,0,0
BRDA:222,51,1,0
BRDA:226,52,0,0
BRDA:226,52,1,0
BRDA:226,53,0,0
BRDA:226,53,1,0
BRDA:230,54,0,0
BRDA:230,54,1,0
BRDA:234,55,0,0
BRDA:234,55,1,0
BRDA:238,56,0,0
BRDA:238,56,1,0
BRDA:238,57,0,0
BRDA:238,57,1,0
BRDA:242,58,0,0
BRDA:242,58,1,0
BRDA:242,59,0,0
BRDA:242,59,1,0
BRDA:250,60,0,0
BRDA:250,60,1,0
BRDA:250,61,0,0
BRDA:250,61,1,0
BRDA:257,62,0,0
BRDA:257,62,1,0
BRDA:271,63,0,0
BRDA:271,63,1,0
BRDA:271,64,0,0
BRDA:271,64,1,0
BRDA:271,64,2,0
BRDA:271,64,3,0
BRDA:282,65,0,0
BRDA:282,65,1,19
BRDA:282,66,0,19
BRDA:282,66,1,19
BRDA:284,67,0,19
BRDA:284,67,1,19
BRDA:287,68,0,0
BRDA:287,68,1,19
BRDA:293,69,0,0
BRDA:293,69,1,19
BRDA:294,70,0,0
BRDA:294,70,1,0
BRDA:305,71,0,0
BRDA:305,71,1,0
BRDA:309,72,0,0
BRDA:309,72,1,0
BRDA:316,73,0,0
BRDA:316,73,1,19
BRDA:317,74,0,0
BRDA:317,74,1,19
BRDA:322,75,0,0
BRDA:322,75,1,19
BRDA:322,76,0,19
BRDA:322,76,1,0
BRDA:326,77,0,0
BRDA:326,77,1,0
BRDA:328,78,0,0
BRDA:328,78,1,0
BRDA:329,79,0,0
BRDA:329,79,1,0
BRDA:331,80,0,0
BRDA:331,80,1,0
BRDA:339,81,0,0
BRDA:339,81,1,0
BRDA:339,82,0,0
BRDA:339,82,1,0
BRDA:339,82,2,0
BRDA:345,83,0,0
BRDA:345,83,1,0
BRDA:345,84,0,0
BRDA:345,84,1,0
BRDA:354,85,0,0
BRDA:354,85,1,0
BRDA:359,86,0,0
BRDA:359,86,1,0
BRDA:364,87,0,0
BRDA:364,87,1,0
BRDA:367,88,0,0
BRDA:367,88,1,0
BRDA:374,89,0,0
BRDA:374,89,1,0
BRDA:384,90,0,0
BRDA:384,90,1,0
BRDA:384,90,2,0
BRDA:397,91,0,0
BRDA:397,91,1,0
BRDA:397,91,2,0
BRDA:401,92,0,0
BRDA:401,92,1,0
BRDA:404,93,0,0
BRDA:404,93,1,0
BRDA:409,94,0,0
BRDA:409,94,1,0
BRDA:409,95,0,0
BRDA:409,95,1,0
BRDA:409,95,2,0
BRDA:412,96,0,0
BRDA:412,96,1,0
BRDA:418,97,0,0
BRDA:418,97,1,0
BRDA:430,98,0,0
BRDA:430,98,1,0
BRDA:433,99,0,0
BRDA:433,99,1,0
BRDA:437,100,0,0
BRDA:437,100,1,0
BRDA:441,101,0,0
BRDA:441,101,1,0
BRDA:443,102,0,0
BRDA:443,102,1,0
BRDA:445,103,0,0
BRDA:445,103,1,0
BRDA:450,104,0,0
BRDA:450,104,1,0
BRDA:452,105,0,0
BRDA:452,105,1,0
BRDA:463,106,0,12
BRDA:463,106,1,10
BRDA:465,107,0,10
BRDA:465,107,1,2
BRDA:471,108,0,9
BRDA:471,108,1,3
BRDA:473,109,0,8
BRDA:473,109,1,1
BRDA:475,110,0,8
BRDA:475,110,1,0
BRDA:475,111,0,8
BRDA:475,111,1,8
BRDA:481,112,0,0
BRDA:481,112,1,12
BRDA:483,113,0,0
BRDA:483,113,1,0
BRDA:492,114,0,0
BRDA:492,114,1,29
BRDA:494,115,0,0
BRDA:494,115,1,0
BRDA:495,116,0,0
BRDA:495,116,1,0
BRDA:507,117,0,29
BRDA:507,117,1,29
BRDA:511,118,0,2
BRDA:511,118,1,20
BRDA:511,119,0,22
BRDA:511,119,1,22
BRDA:517,120,0,0
BRDA:517,120,1,0
BRDA:521,121,0,0
BRDA:521,121,1,0
BRDA:528,122,0,0
BRDA:528,122,1,0
BRDA:532,123,0,0
BRDA:532,123,1,0
BRDA:536,124,0,0
BRDA:536,124,1,0
BRDA:538,125,0,0
BRDA:538,125,1,0
BRDA:541,126,0,0
BRDA:541,126,1,0
BRDA:548,127,0,0
BRDA:548,127,1,0
BRDA:550,128,0,0
BRDA:550,128,1,0
BRDA:558,129,0,0
BRDA:558,129,1,0
BRDA:561,130,0,0
BRDA:561,130,1,0
BRDA:564,131,0,0
BRDA:564,131,1,0
BRDA:567,132,0,0
BRDA:567,132,1,0
BRDA:568,133,0,0
BRDA:568,133,1,0
BRDA:569,134,0,0
BRDA:569,134,1,0
BRDA:570,135,0,0
BRDA:570,135,1,0
BRDA:571,136,0,0
BRDA:571,136,1,0
BRF:284
BRH:72
end_of_record
TN:
SF:src/managers/DragManager.js
FN:7,(anonymous_0)
FN:26,(anonymous_1)
FN:33,(anonymous_2)
FN:34,(anonymous_3)
FN:35,(anonymous_4)
FN:36,(anonymous_5)
FN:51,(anonymous_6)
FN:61,(anonymous_7)
FN:81,(anonymous_8)
FN:92,(anonymous_9)
FN:112,(anonymous_10)
FN:120,(anonymous_11)
FN:146,(anonymous_12)
FN:156,(anonymous_13)
FN:163,(anonymous_14)
FN:200,(anonymous_15)
FN:366,(anonymous_16)
FN:376,(anonymous_17)
FN:379,(anonymous_18)
FN:400,(anonymous_19)
FN:403,(anonymous_20)
FN:413,(anonymous_21)
FN:420,(anonymous_22)
FNF:23
FNH:3
FNDA:8,(anonymous_0)
FNDA:8,(anonymous_1)
FNDA:0,(anonymous_2)
FNDA:0,(anonymous_3)
FNDA:0,(anonymous_4)
FNDA:0,(anonymous_5)
FNDA:8,(anonymous_6)
FNDA:0,(anonymous_7)
FNDA:0,(anonymous_8)
FNDA:0,(anonymous_9)
FNDA:0,(anonymous_10)
FNDA:0,(anonymous_11)
FNDA:0,(anonymous_12)
FNDA:0,(anonymous_13)
FNDA:0,(anonymous_14)
FNDA:0,(anonymous_15)
FNDA:0,(anonymous_16)
FNDA:0,(anonymous_17)
FNDA:0,(anonymous_18)
FNDA:0,(anonymous_19)
FNDA:0,(anonymous_20)
FNDA:0,(anonymous_21)
FNDA:0,(anonymous_22)
DA:8,8
DA:9,8
DA:10,8
DA:11,8
DA:12,8
DA:13,8
DA:14,8
DA:15,8
DA:17,8
DA:18,8
DA:19,8
DA:21,8
DA:23,8
DA:27,8
DA:28,8
DA:29,8
DA:30,8
DA:33,8
DA:34,8
DA:35,8
DA:36,8
DA:39,8
DA:40,8
DA:41,8
DA:42,8
DA:45,8
DA:46,8
DA:47,8
DA:48,8
DA:52,8
DA:53,8
DA:55,8
DA:56,8
DA:58,8
DA:62,0
DA:63,0
DA:65,0
DA:66,0
DA:67,0
DA:69,0
DA:70,0
DA:72,0
DA:73,0
DA:74,0
DA:76,0
DA:77,0
DA:82,0
DA:83,0
DA:85,0
DA:86,0
DA:88,0
DA:89,0
DA:93,0
DA:94,0
DA:95,0
DA:96,0
DA:98,0
DA:99,0
DA:100,0
DA:101,0
DA:102,0
DA:103,0
DA:104,0
DA:105,0
DA:107,0
DA:108,0
DA:113,0
DA:114,0
DA:115,0
DA:116,0
DA:117,0
DA:121,0
DA:123,0
DA:124,0
DA:125,0
DA:128,0
DA:129,0
DA:130,0
DA:132,0
DA:133,0
DA:134,0
DA:136,0
DA:137,0
DA:141,0
DA:147,0
DA:148,0
DA:149,0
DA:150,0
DA:151,0
DA:152,0
DA:157,0
DA:158,0
DA:159,0
DA:160,0
DA:164,0
DA:165,0
DA:167,0
DA:168,0
DA:169,0
DA:170,0
DA:172,0
DA:173,0
DA:174,0
DA:176,0
DA:179,0
DA:180,0
DA:181,0
DA:184,0
DA:185,0
DA:186,0
DA:189,0
DA:190,0
DA:191,0
DA:195,0
DA:196,0
DA:197,0
DA:201,0
DA:202,0
DA:203,0
DA:206,0
DA:207,0
DA:210,0
DA:211,0
DA:212,0
DA:213,0
DA:214,0
DA:215,0
DA:217,0
DA:220,0
DA:222,0
DA:223,0
DA:224,0
DA:225,0
DA:227,0
DA:231,0
DA:232,0
DA:236,0
DA:237,0
DA:241,0
DA:243,0
DA:244,0
DA:245,0
DA:246,0
DA:247,0
DA:249,0
DA:250,0
DA:251,0
DA:252,0
DA:253,0
DA:254,0
DA:256,0
DA:258,0
DA:259,0
DA:260,0
DA:261,0
DA:262,0
DA:264,0
DA:265,0
DA:266,0
DA:267,0
DA:268,0
DA:269,0
DA:270,0
DA:271,0
DA:274,0
DA:275,0
DA:276,0
DA:277,0
DA:278,0
DA:279,0
DA:280,0
DA:285,0
DA:286,0
DA:287,0
DA:288,0
DA:289,0
DA:290,0
DA:291,0
DA:294,0
DA:295,0
DA:296,0
DA:297,0
DA:298,0
DA:299,0
DA:300,0
DA:302,0
DA:303,0
DA:304,0
DA:305,0
DA:309,0
DA:310,0
DA:311,0
DA:312,0
DA:313,0
DA:314,0
DA:316,0
DA:317,0
DA:318,0
DA:319,0
DA:324,0
DA:325,0
DA:326,0
DA:327,0
DA:328,0
DA:329,0
DA:331,0
DA:332,0
DA:333,0
DA:334,0
DA:338,0
DA:339,0
DA:340,0
DA:343,0
DA:344,0
DA:345,0
DA:346,0
DA:349,0
DA:350,0
DA:352,0
DA:353,0
DA:354,0
DA:355,0
DA:359,0
DA:362,0
DA:363,0
DA:367,0
DA:368,0
DA:370,0
DA:371,0
DA:372,0
DA:373,0
DA:374,0
DA:376,0
DA:380,0
DA:381,0
DA:382,0
DA:385,0
DA:386,0
DA:388,0
DA:389,0
DA:390,0
DA:391,0
DA:393,0
DA:394,0
DA:395,0
DA:396,0
DA:397,0
DA:400,0
DA:404,0
DA:405,0
DA:406,0
DA:407,0
DA:408,0
DA:410,0
DA:414,0
DA:415,0
DA:417,0
DA:419,0
DA:420,0
DA:421,0
DA:422,0
DA:423,0
DA:424,0
DA:425,0
DA:427,0
DA:429,0
DA:430,0
DA:441,0
DA:442,0
DA:443,0
DA:444,0
DA:445,0
DA:446,0
DA:447,0
DA:448,0
DA:449,0
DA:450,0
DA:451,0
DA:453,0
DA:454,0
DA:455,0
DA:456,0
DA:457,0
DA:458,0
DA:459,0
DA:462,0
DA:463,0
DA:467,0
DA:468,0
DA:469,0
DA:470,0
DA:472,0
DA:474,0
DA:475,0
DA:477,0
DA:478,0
DA:479,0
DA:481,0
DA:482,0
DA:483,0
DA:485,0
DA:486,0
DA:488,0
DA:489,0
DA:491,0
DA:492,0
DA:493,0
DA:495,0
DA:496,0
DA:497,0
DA:499,0
DA:502,0
DA:503,0
DA:505,0
DA:506,0
DA:507,0
DA:508,0
DA:509,0
DA:512,0
DA:515,0
DA:516,0
DA:517,0
DA:518,0
DA:519,0
DA:522,0
DA:523,0
DA:527,0
DA:530,0
DA:531,0
DA:532,0
LF:330
LH:34
BRDA:33,0,0,0
BRDA:33,0,1,0
BRDA:52,1,0,8
BRDA:52,1,1,0
BRDA:52,2,0,8
BRDA:52,2,1,8
BRDA:55,3,0,8
BRDA:55,3,1,0
BRDA:55,4,0,8
BRDA:55,4,1,8
BRDA:63,5,0,0
BRDA:63,5,1,0
BRDA:63,6,0,0
BRDA:63,6,1,0
BRDA:65,7,0,0
BRDA:65,7,1,0
BRDA:66,8,0,0
BRDA:66,8,1,0
BRDA:67,9,0,0
BRDA:67,9,1,0
BRDA:72,10,0,0
BRDA:72,10,1,0
BRDA:82,11,0,0
BRDA:82,11,1,0
BRDA:85,12,0,0
BRDA:85,12,1,0
BRDA:93,13,0,0
BRDA:93,13,1,0
BRDA:94,14,0,0
BRDA:94,14,1,0
BRDA:95,15,0,0
BRDA:95,15,1,0
BRDA:96,16,0,0
BRDA:96,16,1,0
BRDA:100,17,0,0
BRDA:100,17,1,0
BRDA:100,18,0,0
BRDA:100,18,1,0
BRDA:123,19,0,0
BRDA:123,19,1,0
BRDA:129,20,0,0
BRDA:129,20,1,0
BRDA:129,20,2,0
BRDA:132,21,0,0
BRDA:132,21,1,0
BRDA:141,22,0,0
BRDA:141,22,1,0
BRDA:147,23,0,0
BRDA:147,23,1,0
BRDA:148,24,0,0
BRDA:148,24,1,0
BRDA:149,25,0,0
BRDA:149,25,1,0
BRDA:150,26,0,0
BRDA:150,26,1,0
BRDA:157,27,0,0
BRDA:157,27,1,0
BRDA:164,28,0,0
BRDA:164,28,1,0
BRDA:172,29,0,0
BRDA:172,29,1,0
BRDA:173,30,0,0
BRDA:173,30,1,0
BRDA:179,31,0,0
BRDA:179,31,1,0
BRDA:184,32,0,0
BRDA:184,32,1,0
BRDA:189,33,0,0
BRDA:189,33,1,0
BRDA:191,34,0,0
BRDA:191,34,1,0
BRDA:191,35,0,0
BRDA:191,35,1,0
BRDA:191,35,2,0
BRDA:201,36,0,0
BRDA:201,36,1,0
BRDA:202,37,0,0
BRDA:202,37,1,0
BRDA:203,38,0,0
BRDA:203,38,1,0
BRDA:207,39,0,0
BRDA:207,39,1,0
BRDA:212,40,0,0
BRDA:212,40,1,0
BRDA:213,41,0,0
BRDA:213,41,1,0
BRDA:220,42,0,0
BRDA:220,42,1,0
BRDA:222,43,0,0
BRDA:222,43,1,0
BRDA:222,44,0,0
BRDA:222,44,1,0
BRDA:231,45,0,0
BRDA:231,45,1,0
BRDA:231,46,0,0
BRDA:231,46,1,0
BRDA:236,47,0,0
BRDA:236,47,1,0
BRDA:236,48,0,0
BRDA:236,48,1,0
BRDA:236,48,2,0
BRDA:244,49,0,0
BRDA:244,49,1,0
BRDA:246,50,0,0
BRDA:246,50,1,0
BRDA:256,51,0,0
BRDA:256,51,1,0
BRDA:258,52,0,0
BRDA:258,52,1,0
BRDA:262,53,0,0
BRDA:262,53,1,0
BRDA:264,54,0,0
BRDA:264,54,1,0
BRDA:265,55,0,0
BRDA:265,55,1,0
BRDA:274,56,0,0
BRDA:274,56,1,0
BRDA:285,57,0,0
BRDA:285,57,1,0
BRDA:288,58,0,0
BRDA:288,58,1,0
BRDA:294,59,0,0
BRDA:294,59,1,0
BRDA:296,60,0,0
BRDA:296,60,1,0
BRDA:310,61,0,0
BRDA:310,61,1,0
BRDA:325,62,0,0
BRDA:325,62,1,0
BRDA:345,63,0,0
BRDA:345,63,1,0
BRDA:345,64,0,0
BRDA:345,64,1,0
BRDA:352,65,0,0
BRDA:352,65,1,0
BRDA:352,66,0,0
BRDA:352,66,1,0
BRDA:353,67,0,0
BRDA:353,67,1,0
BRDA:353,68,0,0
BRDA:353,68,1,0
BRDA:354,69,0,0
BRDA:354,69,1,0
BRDA:354,70,0,0
BRDA:354,70,1,0
BRDA:355,71,0,0
BRDA:355,71,1,0
BRDA:355,72,0,0
BRDA:355,72,1,0
BRDA:380,73,0,0
BRDA:380,73,1,0
BRDA:388,74,0,0
BRDA:388,74,1,0
BRDA:389,75,0,0
BRDA:389,75,1,0
BRDA:390,76,0,0
BRDA:390,76,1,0
BRDA:391,77,0,0
BRDA:391,77,1,0
BRDA:406,78,0,0
BRDA:406,78,1,0
BRDA:419,79,0,0
BRDA:419,79,1,0
BRDA:421,80,0,0
BRDA:421,80,1,0
BRDA:424,81,0,0
BRDA:424,81,1,0
BRDA:424,82,0,0
BRDA:424,82,1,0
BRDA:424,82,2,0
BRDA:429,83,0,0
BRDA:429,83,1,0
BRDA:441,84,0,0
BRDA:441,84,1,0
BRDA:451,85,0,0
BRDA:451,85,1,0
BRDA:455,86,0,0
BRDA:455,86,1,0
BRDA:458,87,0,0
BRDA:458,87,1,0
BRDA:462,88,0,0
BRDA:462,88,1,0
BRDA:463,89,0,0
BRDA:463,89,1,0
BRDA:472,90,0,0
BRDA:472,90,1,0
BRDA:472,91,0,0
BRDA:472,91,1,0
BRDA:475,92,0,0
BRDA:475,92,1,0
BRDA:477,93,0,0
BRDA:477,93,1,0
BRDA:485,94,0,0
BRDA:485,94,1,0
BRDA:486,95,0,0
BRDA:486,95,1,0
BRDA:486,96,0,0
BRDA:486,96,1,0
BRDA:489,97,0,0
BRDA:489,97,1,0
BRDA:491,98,0,0
BRDA:491,98,1,0
BRDA:499,99,0,0
BRDA:499,99,1,0
BRDA:502,100,0,0
BRDA:502,100,1,0
BRDA:503,101,0,0
BRDA:503,101,1,0
BRDA:505,102,0,0
BRDA:505,102,1,0
BRDA:522,103,0,0
BRDA:522,103,1,0
BRDA:523,104,0,0
BRDA:523,104,1,0
BRDA:530,105,0,0
BRDA:530,105,1,0
BRDA:530,106,0,0
BRDA:530,106,1,0
BRF:218
BRH:6
end_of_record
TN:
SF:src/managers/PopoutManager.js
FN:5,(anonymous_0)
FN:11,(anonymous_1)
FN:20,(anonymous_2)
FN:107,(anonymous_3)
FN:118,(anonymous_4)
FN:169,(anonymous_5)
FN:179,(anonymous_6)
FN:191,(anonymous_7)
FN:193,(anonymous_8)
FN:196,(anonymous_9)
FN:202,(anonymous_10)
FN:210,(anonymous_11)
FN:296,(anonymous_12)
FN:318,(anonymous_13)
FN:331,(anonymous_14)
FN:332,(anonymous_15)
FN:346,(anonymous_16)
FN:356,(anonymous_17)
FN:357,(anonymous_18)
FN:365,(anonymous_19)
FN:369,(anonymous_20)
FNF:21
FNH:3
FNDA:8,(anonymous_0)
FNDA:0,(anonymous_1)
FNDA:0,(anonymous_2)
FNDA:0,(anonymous_3)
FNDA:0,(anonymous_4)
FNDA:0,(anonymous_5)
FNDA:0,(anonymous_6)
FNDA:0,(anonymous_7)
FNDA:0,(anonymous_8)
FNDA:0,(anonymous_9)
FNDA:0,(anonymous_10)
FNDA:0,(anonymous_11)
FNDA:0,(anonymous_12)
FNDA:0,(anonymous_13)
FNDA:0,(anonymous_14)
FNDA:0,(anonymous_15)
FNDA:0,(anonymous_16)
FNDA:8,(anonymous_17)
FNDA:0,(anonymous_18)
FNDA:0,(anonymous_19)
FNDA:8,(anonymous_20)
DA:6,8
DA:8,8
DA:11,8
DA:12,8
DA:21,0
DA:24,0
DA:25,0
DA:28,0
DA:31,0
DA:32,0
DA:33,0
DA:34,0
DA:35,0
DA:36,0
DA:39,0
DA:40,0
DA:43,0
DA:44,0
DA:46,0
DA:47,0
DA:48,0
DA:52,0
DA:53,0
DA:54,0
DA:56,0
DA:64,0
DA:68,0
DA:69,0
DA:70,0
DA:71,0
DA:75,0
DA:76,0
DA:77,0
DA:81,0
DA:84,0
DA:85,0
DA:88,0
DA:89,0
DA:90,0
DA:91,0
DA:93,0
DA:94,0
DA:95,0
DA:99,0
DA:100,0
DA:101,0
DA:104,0
DA:107,0
DA:108,0
DA:109,0
DA:112,0
DA:115,0
DA:118,0
DA:119,0
DA:123,0
DA:124,0
DA:155,0
DA:158,0
DA:159,0
DA:161,0
DA:164,0
DA:165,0
DA:166,0
DA:169,0
DA:170,0
DA:171,0
DA:172,0
DA:176,0
DA:179,0
DA:180,0
DA:181,0
DA:184,0
DA:185,0
DA:186,0
DA:188,0
DA:192,0
DA:193,0
DA:194,0
DA:196,0
DA:197,0
DA:199,0
DA:203,0
DA:204,0
DA:205,0
DA:207,0
DA:211,0
DA:212,0
DA:214,0
DA:216,0
DA:217,0
DA:219,0
DA:221,0
DA:223,0
DA:226,0
DA:227,0
DA:228,0
DA:229,0
DA:230,0
DA:233,0
DA:234,0
DA:235,0
DA:237,0
DA:238,0
DA:241,0
DA:242,0
DA:243,0
DA:245,0
DA:246,0
DA:250,0
DA:251,0
DA:252,0
DA:254,0
DA:258,0
DA:261,0
DA:262,0
DA:265,0
DA:266,0
DA:269,0
DA:270,0
DA:271,0
DA:272,0
DA:276,0
DA:278,0
DA:280,0
DA:284,0
DA:285,0
DA:286,0
DA:287,0
DA:288,0
DA:291,0
DA:293,0
DA:294,0
DA:296,0
DA:297,0
DA:300,0
DA:301,0
DA:302,0
DA:303,0
DA:305,0
DA:306,0
DA:307,0
DA:308,0
DA:310,0
DA:311,0
DA:312,0
DA:317,0
DA:318,0
DA:319,0
DA:320,0
DA:323,0
DA:324,0
DA:325,0
DA:332,0
DA:333,0
DA:334,0
DA:335,0
DA:347,0
DA:348,0
DA:349,0
DA:357,8
DA:358,0
DA:366,0
DA:370,8
DA:371,8
DA:372,8
LF:165
LH:8
BRDA:21,0,0,0
BRDA:21,0,1,0
BRDA:21,1,0,0
BRDA:21,1,1,0
BRDA:24,2,0,0
BRDA:24,2,1,0
BRDA:34,3,0,0
BRDA:34,3,1,0
BRDA:40,4,0,0
BRDA:40,4,1,0
BRDA:46,5,0,0
BRDA:46,5,1,0
BRDA:53,6,0,0
BRDA:53,6,1,0
BRDA:54,7,0,0
BRDA:54,7,1,0
BRDA:68,8,0,0
BRDA:68,8,1,0
BRDA:70,9,0,0
BRDA:70,9,1,0
BRDA:70,10,0,0
BRDA:70,10,1,0
BRDA:70,10,2,0
BRDA:88,11,0,0
BRDA:88,11,1,0
BRDA:93,12,0,0
BRDA:93,12,1,0
BRDA:104,13,0,0
BRDA:104,13,1,0
BRDA:109,14,0,0
BRDA:109,14,1,0
BRDA:158,15,0,0
BRDA:158,15,1,0
BRDA:170,16,0,0
BRDA:170,16,1,0
BRDA:180,17,0,0
BRDA:180,17,1,0
BRDA:203,18,0,0
BRDA:203,18,1,0
BRDA:203,19,0,0
BRDA:203,19,1,0
BRDA:205,20,0,0
BRDA:205,20,1,0
BRDA:205,20,2,0
BRDA:212,21,0,0
BRDA:212,21,1,0
BRDA:216,22,0,0
BRDA:216,22,1,0
BRDA:221,23,0,0
BRDA:221,23,1,0
BRDA:221,24,0,0
BRDA:221,24,1,0
BRDA:230,25,0,0
BRDA:230,25,1,0
BRDA:233,26,0,0
BRDA:233,26,1,0
BRDA:241,27,0,0
BRDA:241,27,1,0
BRDA:251,28,0,0
BRDA:251,28,1,0
BRDA:252,29,0,0
BRDA:252,29,1,0
BRDA:254,30,0,0
BRDA:254,30,1,0
BRDA:261,31,0,0
BRDA:261,31,1,0
BRDA:261,32,0,0
BRDA:261,32,1,0
BRDA:265,33,0,0
BRDA:265,33,1,0
BRDA:269,34,0,0
BRDA:269,34,1,0
BRDA:269,35,0,0
BRDA:269,35,1,0
BRDA:269,35,2,0
BRDA:269,35,3,0
BRDA:276,36,0,0
BRDA:276,36,1,0
BRDA:278,37,0,0
BRDA:278,37,1,0
BRDA:293,38,0,0
BRDA:293,38,1,0
BRDA:293,39,0,0
BRDA:293,39,1,0
BRDA:293,39,2,0
BRDA:296,40,0,0
BRDA:296,40,1,0
BRDA:334,41,0,0
BRDA:334,41,1,0
BRDA:334,42,0,0
BRDA:334,42,1,0
BRDA:348,43,0,0
BRDA:348,43,1,0
BRDA:348,44,0,0
BRDA:348,44,1,0
BRF:95
BRH:0
end_of_record
TN:
SF:src/ui/ContextMenu.js
FN:4,(anonymous_0)
FN:13,(anonymous_1)
FN:15,(anonymous_2)
FN:16,(anonymous_3)
FN:17,(anonymous_4)
FN:19,(anonymous_5)
FN:20,(anonymous_6)
FN:21,(anonymous_7)
FN:29,(anonymous_8)
FN:37,(anonymous_9)
FN:40,(anonymous_10)
FN:41,(anonymous_11)
FN:48,(anonymous_12)
FN:54,(anonymous_13)
FNF:14
FNH:9
FNDA:5,(anonymous_0)
FNDA:1,(anonymous_1)
FNDA:0,(anonymous_2)
FNDA:0,(anonymous_3)
FNDA:0,(anonymous_4)
FNDA:1,(anonymous_5)
FNDA:1,(anonymous_6)
FNDA:1,(anonymous_7)
FNDA:0,(anonymous_8)
FNDA:19,(anonymous_9)
FNDA:0,(anonymous_10)
FNDA:2,(anonymous_11)
FNDA:1,(anonymous_12)
FNDA:8,(anonymous_13)
DA:5,5
DA:6,5
DA:7,5
DA:8,5
DA:10,5
DA:12,5
DA:13,4
DA:15,5
DA:16,0
DA:17,0
DA:19,5
DA:20,1
DA:21,1
DA:22,1
DA:23,1
DA:28,5
DA:29,5
DA:30,0
DA:34,5
DA:38,19
DA:39,19
DA:40,19
DA:41,19
DA:42,2
DA:43,2
DA:44,2
DA:49,1
DA:50,1
DA:55,8
DA:56,0
DA:58,8
DA:59,8
DA:60,5
DA:62,8
DA:63,0
LF:35
LH:30
BRDA:12,0,0,4
BRDA:12,0,1,1
BRDA:16,1,0,0
BRDA:16,1,1,0
BRDA:22,2,0,1
BRDA:22,2,1,0
BRDA:28,3,0,5
BRDA:28,3,1,0
BRDA:28,4,0,5
BRDA:28,4,1,5
BRDA:49,5,0,1
BRDA:49,5,1,0
BRDA:49,6,0,1
BRDA:49,6,1,1
BRDA:55,7,0,0
BRDA:55,7,1,8
BRDA:59,8,0,5
BRDA:59,8,1,3
BRDA:59,9,0,8
BRDA:59,9,1,8
BRDA:62,10,0,0
BRDA:62,10,1,8
BRF:22
BRH:15
end_of_record
TN:
SF:src/ui/DragSource.js
FN:2,(anonymous_0)
FN:8,(anonymous_1)
FNF:2
FNH:2
FNDA:3,(anonymous_0)
FNDA:2,(anonymous_1)
DA:3,3
DA:4,3
DA:5,3
DA:6,3
DA:8,3
DA:10,2
DA:13,3
DA:14,3
LF:8
LH:8
BRF:0
BRH:0
end_of_record
TN:
SF:src/ui/Splitter.js
FN:4,(anonymous_0)
FN:26,(anonymous_1)
FN:45,(anonymous_2)
FN:53,(anonymous_3)
FN:91,(anonymous_4)
FN:103,(anonymous_5)
FN:129,(anonymous_6)
FN:146,(anonymous_7)
FN:154,(anonymous_8)
FN:160,(anonymous_9)
FN:235,(anonymous_10)
FN:246,(anonymous_11)
FNF:12
FNH:12
FNDA:4,(anonymous_0)
FNDA:1,(anonymous_1)
FNDA:1,(anonymous_2)
FNDA:2,(anonymous_3)
FNDA:1,(anonymous_4)
FNDA:1,(anonymous_5)
FNDA:2,(anonymous_6)
FNDA:1,(anonymous_7)
FNDA:1,(anonymous_8)
FNDA:1,(anonymous_9)
FNDA:1,(anonymous_10)
FNDA:3,(anonymous_11)
DA:5,4
DA:6,4
DA:7,4
DA:8,4
DA:10,4
DA:12,4
DA:13,4
DA:14,4
DA:15,4
DA:16,4
DA:18,4
DA:19,4
DA:20,4
DA:23,4
DA:24,4
DA:25,4
DA:26,4
DA:27,1
DA:28,1
DA:29,1
DA:30,1
DA:31,1
DA:32,1
DA:34,0
DA:35,0
DA:38,1
DA:39,1
DA:40,1
DA:46,1
DA:47,1
DA:49,1
DA:50,1
DA:51,1
DA:53,1
DA:54,2
DA:55,2
DA:57,0
DA:61,1
DA:62,1
DA:64,1
DA:65,1
DA:66,1
DA:67,1
DA:69,1
DA:70,1
DA:71,1
DA:72,1
DA:74,1
DA:75,1
DA:78,0
DA:79,0
DA:80,0
DA:82,0
DA:83,0
DA:84,0
DA:87,1
DA:88,1
DA:92,1
DA:93,1
DA:94,1
DA:95,1
DA:96,0
DA:98,1
DA:99,1
DA:104,1
DA:106,1
DA:107,1
DA:108,1
DA:110,1
DA:111,1
DA:114,1
DA:115,1
DA:116,1
DA:118,1
DA:119,1
DA:122,1
DA:123,1
DA:125,1
DA:126,1
DA:127,1
DA:129,1
DA:130,2
DA:131,2
DA:133,0
DA:137,1
DA:138,1
DA:140,1
DA:141,1
DA:142,1
DA:143,1
DA:147,1
DA:148,1
DA:149,0
DA:150,0
DA:152,1
DA:153,1
DA:154,1
DA:155,1
DA:156,1
DA:161,1
DA:162,1
DA:163,1
DA:164,1
DA:166,1
DA:168,1
DA:169,1
DA:171,1
DA:172,1
DA:174,1
DA:175,1
DA:176,1
DA:177,1
DA:179,1
DA:180,1
DA:181,1
DA:183,1
DA:184,0
DA:185,0
DA:186,1
DA:187,0
DA:188,0
DA:191,1
DA:192,1
DA:195,0
DA:196,0
DA:197,0
DA:198,0
DA:199,0
DA:200,0
DA:201,0
DA:204,0
DA:205,0
DA:206,0
DA:207,0
DA:208,0
DA:209,0
DA:212,0
DA:213,0
DA:214,0
DA:215,0
DA:216,0
DA:217,0
DA:218,0
DA:220,0
DA:221,0
DA:222,0
DA:223,0
DA:224,0
DA:225,0
DA:231,1
DA:232,1
DA:236,1
DA:237,1
DA:238,1
DA:239,1
DA:240,1
DA:241,1
DA:242,1
DA:247,3
DA:248,0
DA:250,3
DA:251,3
DA:252,3
DA:253,3
LF:164
LH:120
BRDA:25,0,0,4
BRDA:25,0,1,0
BRDA:27,1,0,0
BRDA:27,1,1,1
BRDA:27,2,0,1
BRDA:27,2,1,1
BRDA:27,2,2,1
BRDA:28,3,0,0
BRDA:28,3,1,1
BRDA:30,4,0,1
BRDA:30,4,1,0
BRDA:31,5,0,0
BRDA:31,5,1,1
BRDA:32,6,0,1
BRDA:32,6,1,0
BRDA:34,7,0,0
BRDA:34,7,1,0
BRDA:35,8,0,0
BRDA:35,8,1,0
BRDA:38,9,0,1
BRDA:38,9,1,0
BRDA:47,10,0,1
BRDA:47,10,1,0
BRDA:54,11,0,2
BRDA:54,11,1,0
BRDA:57,12,0,0
BRDA:57,12,1,0
BRDA:62,13,0,1
BRDA:62,13,1,0
BRDA:64,14,0,1
BRDA:64,14,1,0
BRDA:65,15,0,1
BRDA:65,15,1,0
BRDA:66,16,0,1
BRDA:66,16,1,0
BRDA:67,17,0,1
BRDA:67,17,1,0
BRDA:69,18,0,1
BRDA:69,18,1,0
BRDA:69,19,0,1
BRDA:69,19,1,1
BRDA:78,20,0,0
BRDA:78,20,1,0
BRDA:82,21,0,0
BRDA:82,21,1,0
BRDA:95,22,0,0
BRDA:95,22,1,1
BRDA:104,23,0,1
BRDA:104,23,1,0
BRDA:106,24,0,1
BRDA:106,24,1,0
BRDA:107,25,0,0
BRDA:107,25,1,1
BRDA:108,26,0,0
BRDA:108,26,1,1
BRDA:114,27,0,1
BRDA:114,27,1,0
BRDA:115,28,0,1
BRDA:115,28,1,0
BRDA:116,29,0,1
BRDA:116,29,1,0
BRDA:118,30,0,1
BRDA:118,30,1,0
BRDA:119,31,0,1
BRDA:119,31,1,0
BRDA:123,32,0,1
BRDA:123,32,1,0
BRDA:130,33,0,2
BRDA:130,33,1,0
BRDA:133,34,0,0
BRDA:133,34,1,0
BRDA:138,35,0,1
BRDA:138,35,1,0
BRDA:147,36,0,0
BRDA:147,36,1,1
BRDA:148,37,0,0
BRDA:148,37,1,1
BRDA:161,38,0,0
BRDA:161,38,1,1
BRDA:162,39,0,1
BRDA:162,39,1,0
BRDA:163,40,0,0
BRDA:163,40,1,1
BRDA:164,41,0,0
BRDA:164,41,1,1
BRDA:166,42,0,0
BRDA:166,42,1,1
BRDA:168,43,0,1
BRDA:168,43,1,0
BRDA:171,44,0,1
BRDA:171,44,1,0
BRDA:171,45,0,1
BRDA:171,45,1,1
BRDA:171,46,0,0
BRDA:171,46,1,0
BRDA:172,47,0,1
BRDA:172,47,1,0
BRDA:172,48,0,1
BRDA:172,48,1,1
BRDA:172,49,0,0
BRDA:172,49,1,0
BRDA:174,50,0,1
BRDA:174,50,1,0
BRDA:174,51,0,1
BRDA:174,51,1,1
BRDA:183,52,0,0
BRDA:183,52,1,1
BRDA:186,53,0,0
BRDA:186,53,1,1
BRDA:195,54,0,0
BRDA:195,54,1,0
BRDA:197,55,0,0
BRDA:197,55,1,0
BRDA:197,56,0,0
BRDA:197,56,1,0
BRDA:198,57,0,0
BRDA:198,57,1,0
BRDA:199,58,0,0
BRDA:199,58,1,0
BRDA:200,59,0,0
BRDA:200,59,1,0
BRDA:204,60,0,0
BRDA:204,60,1,0
BRDA:206,61,0,0
BRDA:206,61,1,0
BRDA:212,62,0,0
BRDA:212,62,1,0
BRDA:214,63,0,0
BRDA:214,63,1,0
BRDA:214,64,0,0
BRDA:214,64,1,0
BRDA:215,65,0,0
BRDA:215,65,1,0
BRDA:216,66,0,0
BRDA:216,66,1,0
BRDA:217,67,0,0
BRDA:217,67,1,0
BRDA:220,68,0,0
BRDA:220,68,1,0
BRDA:222,69,0,0
BRDA:222,69,1,0
BRDA:236,70,0,1
BRDA:236,70,1,0
BRDA:247,71,0,0
BRDA:247,71,1,3
BRDA:252,72,0,3
BRDA:252,72,1,0
BRF:147
BRH:55
end_of_record
TN:
SF:src/ui/Toast.js
FN:4,(anonymous_0)
FN:14,(anonymous_1)
FN:16,(anonymous_2)
FN:20,(anonymous_3)
FNF:4
FNH:4
FNDA:4,(anonymous_0)
FNDA:1,(anonymous_1)
FNDA:1,(anonymous_2)
FNDA:3,(anonymous_3)
DA:5,4
DA:6,4
DA:8,4
DA:12,4
DA:14,4
DA:15,1
DA:16,1
DA:21,3
DA:22,2
LF:9
LH:9
BRDA:4,0,0,0
BRDA:6,1,0,1
BRDA:6,1,1,3
BRDA:8,2,0,1
BRDA:8,2,1,3
BRDA:21,3,0,2
BRDA:21,3,1,1
BRDA:21,4,0,3
BRDA:21,4,1,3
BRF:9
BRH:8
end_of_record
TN:
SF:src/utils/EventEmitter.js
FN:2,(anonymous_0)
FN:6,(anonymous_1)
FN:11,(anonymous_2)
FN:13,(anonymous_3)
FN:16,(anonymous_4)
FN:17,(anonymous_5)
FN:24,(anonymous_6)
FNF:7
FNH:2
FNDA:27,(anonymous_0)
FNDA:0,(anonymous_1)
FNDA:0,(anonymous_2)
FNDA:0,(anonymous_3)
FNDA:0,(anonymous_4)
FNDA:0,(anonymous_5)
FNDA:189,(anonymous_6)
DA:3,27
DA:7,0
DA:8,0
DA:12,0
DA:13,0
DA:17,0
DA:18,0
DA:19,0
DA:21,0
DA:25,189
DA:26,189
DA:27,0
DA:28,0
DA:29,0
DA:32,189
LF:15
LH:4
BRDA:7,0,0,0
BRDA:7,0,1,0
BRDA:12,1,0,0
BRDA:12,1,1,0
BRDA:26,2,0,0
BRDA:26,2,1,189
BRDA:29,3,0,0
BRDA:29,3,1,0
BRF:8
BRH:1
end_of_record
TN:
SF:src/utils/Utils.js
FN:2,(anonymous_0)
FN:9,(anonymous_1)
FN:13,(anonymous_2)
FN:29,(anonymous_3)
FN:40,(anonymous_4)
FNF:5
FNH:3
FNDA:158,(anonymous_0)
FNDA:4,(anonymous_1)
FNDA:0,(anonymous_2)
FNDA:0,(anonymous_3)
FNDA:2,(anonymous_4)
DA:3,158
DA:4,158
DA:5,158
DA:6,158
DA:10,4
DA:14,0
DA:15,0
DA:16,0
DA:17,0
DA:19,0
DA:30,0
DA:31,0
DA:32,0
DA:33,0
DA:34,0
DA:35,0
DA:37,0
DA:41,2
DA:42,0
DA:43,0
DA:44,0
DA:45,0
DA:46,0
LF:23
LH:6
BRDA:4,0,0,158
BRDA:4,0,1,0
BRDA:5,1,0,158
BRDA:5,1,1,0
BRDA:14,2,0,0
BRDA:14,2,1,0
BRDA:15,3,0,0
BRDA:15,3,1,0
BRDA:16,4,0,0
BRDA:16,4,1,0
BRDA:30,5,0,0
BRDA:30,5,1,0
BRDA:31,6,0,0
BRDA:31,6,1,0
BRDA:33,7,0,0
BRDA:33,7,1,0
BRDA:35,8,0,0
BRDA:35,8,1,0
BRDA:37,9,0,0
BRDA:37,9,1,0
BRDA:41,10,0,2
BRDA:41,10,1,0
BRDA:43,11,0,0
BRDA:43,11,1,0
BRDA:44,12,0,0
BRDA:44,12,1,0
BRDA:45,13,0,0
BRDA:45,13,1,0
BRF:28
BRH:3
end_of_record
